#
# There is insufficient memory for the Java Runtime Environment to continue.
# Native memory allocation (mmap) failed to map 184025088 bytes for committing reserved memory.
# Possible reasons:
#   The system is out of physical RAM or swap space
#   The process is running with CompressedOops enabled, and the Java Heap may be blocking the growth of the native heap
# Possible solutions:
#   Reduce memory load on the system
#   Increase physical memory or swap space
#   Check if swap backing store is full
#   Decrease Java heap size (-Xmx/-Xms)
#   Decrease number of Java threads
#   Decrease Java thread stack sizes (-Xss)
#   Set larger code cache with -XX:ReservedCodeCacheSize=
#   JVM is running with Unscaled Compressed Oops mode in which the Java heap is
#     placed in the first 4GB address space. The Java Heap base address is the
#     maximum limit for the native heap growth. Please use -XX:HeapBaseMinAddress
#     to set the Java Heap base and to place the Java Heap above 4GB virtual address.
# This output file may be truncated or incomplete.
#
#  Out of Memory Error (os_linux.cpp:2749), pid=1260, tid=0x00007f5e6f8f8700
#
# JRE version: Java(TM) SE Runtime Environment (8.0_201-b09) (build 1.8.0_201-b09)
# Java VM: Java HotSpot(TM) 64-Bit Server VM (25.201-b09 mixed mode linux-amd64 compressed oops)
# Failed to write core dump. Core dumps have been disabled. To enable core dumping, try "ulimit -c unlimited" before starting Java again
#

---------------  T H R E A D  ---------------

Current thread (0x00007f5e8c141000):  VMThread [stack: 0x00007f5e6f7f9000,0x00007f5e6f8f9000] [id=1271]

Stack: [0x00007f5e6f7f9000,0x00007f5e6f8f9000],  sp=0x00007f5e6f8f73f0,  free space=1016k
Native frames: (J=compiled Java code, j=interpreted, Vv=VM code, C=native code)
V  [libjvm.so+0xad3525]  VMError::report_and_die()+0x2e5
V  [libjvm.so+0x4e0457]  report_vm_out_of_memory(char const*, int, unsigned long, VMErrorType, char const*)+0x67
V  [libjvm.so+0x9102f0]  os::pd_commit_memory(char*, unsigned long, unsigned long, bool)+0x100
V  [libjvm.so+0x90791f]  os::commit_memory(char*, unsigned long, unsigned long, bool)+0x1f
V  [libjvm.so+0x98c806]  PSVirtualSpace::expand_by(unsigned long)+0x56
V  [libjvm.so+0x98da98]  PSYoungGen::resize(unsigned long, unsigned long)+0xd8
V  [libjvm.so+0x98a236]  PSScavenge::invoke_no_policy()+0x1376
V  [libjvm.so+0x98a5cc]  PSScavenge::invoke()+0x4c
V  [libjvm.so+0x93a318]  ParallelScavengeHeap::failed_mem_allocate(unsigned long)+0x68
V  [libjvm.so+0xad5073]  VM_ParallelGCFailedAllocation::doit()+0x93
V  [libjvm.so+0xada296]  VM_Operation::evaluate()+0x46
V  [libjvm.so+0xad85cd]  VMThread::evaluate_operation(VM_Operation*) [clone .constprop.44]+0xcd
V  [libjvm.so+0xad8bb3]  VMThread::loop()+0x3a3
V  [libjvm.so+0xad8f88]  VMThread::run()+0x78
V  [libjvm.so+0x90d922]  java_start(Thread*)+0x102

VM_Operation (0x00007f5e943b66e0): ParallelGCFailedAllocation, mode: safepoint, requested by thread 0x00007f5e8c00b800


---------------  P R O C E S S  ---------------

Java Threads: ( => current thread )
  0x00007f5e8df52800 JavaThread "spring.cloud.inetutils" daemon [_thread_blocked, id=1297, stack(0x00007f5e3e8ff000,0x00007f5e3ea00000)]
  0x00007f5e8d76b000 JavaThread "Abandoned connection cleanup thread" daemon [_thread_blocked, id=1295, stack(0x00007f5e6c0f6000,0x00007f5e6c1f7000)]
  0x00007f5e8d769800 JavaThread "Tomcat JDBC Pool Cleaner[1028566121:1558348249557]" daemon [_thread_blocked, id=1294, stack(0x00007f5e6d912000,0x00007f5e6da13000)]
  0x00007f5e8c192000 JavaThread "Service Thread" daemon [_thread_blocked, id=1278, stack(0x00007f5e6e720000,0x00007f5e6e821000)]
  0x00007f5e8c187000 JavaThread "C1 CompilerThread2" daemon [_thread_blocked, id=1277, stack(0x00007f5e6e822000,0x00007f5e6e922000)]
  0x00007f5e8c185000 JavaThread "C2 CompilerThread1" daemon [_thread_in_native, id=1276, stack(0x00007f5e6e923000,0x00007f5e6ea23000)]
  0x00007f5e8c182000 JavaThread "C2 CompilerThread0" daemon [_thread_in_native, id=1275, stack(0x00007f5e6ea24000,0x00007f5e6eb24000)]
  0x00007f5e8c180800 JavaThread "Signal Dispatcher" daemon [_thread_blocked, id=1274, stack(0x00007f5e6eb24000,0x00007f5e6ec25000)]
  0x00007f5e8c14d000 JavaThread "Finalizer" daemon [_thread_blocked, id=1273, stack(0x00007f5e6f5f6000,0x00007f5e6f6f7000)]
  0x00007f5e8c14a800 JavaThread "Reference Handler" daemon [_thread_blocked, id=1272, stack(0x00007f5e6f6f7000,0x00007f5e6f7f8000)]
  0x00007f5e8c00b800 JavaThread "main" [_thread_blocked, id=1263, stack(0x00007f5e942ba000,0x00007f5e943ba000)]

Other Threads:
=>0x00007f5e8c141000 VMThread [stack: 0x00007f5e6f7f9000,0x00007f5e6f8f9000] [id=1271]
  0x00007f5e8c195000 WatcherThread [stack: 0x00007f5e6e620000,0x00007f5e6e720000] [id=1279]

VM state:at safepoint (normal execution)

VM Mutex/Monitor currently owned by a thread:  ([mutex/lock_event])
[0x00007f5e8c007e90] Threads_lock - owner thread: 0x00007f5e8c141000
[0x00007f5e8c008390] Heap_lock - owner thread: 0x00007f5e8c00b800

heap address: 0x0000000084a00000, size: 1974 MB, Compressed Oops mode: 32-bit
Narrow klass base: 0x0000000000000000, Narrow klass shift: 3
Compressed class space size: 1073741824 Address: 0x0000000100000000

Heap:
 PSYoungGen      total 445440K, used 14816K [0x00000000d6e00000, 0x00000000f3080000, 0x0000000100000000)
  eden space 430592K, 0% used [0x00000000d6e00000,0x00000000d6e00000,0x00000000f1280000)
  from space 14848K, 99% used [0x00000000f1380000,0x00000000f21f8318,0x00000000f2200000)
  to   space 13312K, 0% used [0x00000000f2380000,0x00000000f2380000,0x00000000f3080000)
 ParOldGen       total 84480K, used 30604K [0x0000000084a00000, 0x0000000089c80000, 0x00000000d6e00000)
  object space 84480K, 36% used [0x0000000084a00000,0x00000000867e3368,0x0000000089c80000)
 Metaspace       used 52885K, capacity 53501K, committed 53888K, reserved 1095680K
  class space    used 6864K, capacity 7004K, committed 7040K, reserved 1048576K

Card table byte_map: [0x00007f5e90bc2000,0x00007f5e90f9e000] byte_map_base: 0x00007f5e9079d000

Marking Bits: (ParMarkBitMap*) 0x00007f5e9376bd80
 Begin Bits: [0x00007f5e74250000, 0x00007f5e76128000)
 End Bits:   [0x00007f5e76128000, 0x00007f5e78000000)

Polling page: 0x00007f5e943db000

CodeCache: size=245760Kb used=20270Kb max_used=20270Kb free=225489Kb
 bounds [0x00007f5e7d000000, 0x00007f5e7e3e0000, 0x00007f5e8c000000]
 total_blobs=6075 nmethods=5548 adapters=440
 compilation: enabled

Compilation events (10 events):
Event: 16.472 Thread 0x00007f5e8c187000 6226       1       org.springframework.cglib.core.Block::getCodeEmitter (5 bytes)
Event: 16.473 Thread 0x00007f5e8c187000 nmethod 6226 0x00007f5e7e3d6dd0 code [0x00007f5e7e3d6f20, 0x00007f5e7e3d7030]
Event: 16.478 Thread 0x00007f5e8c187000 6227       3       java.util.Properties::load0 (250 bytes)
Event: 16.478 Thread 0x00007f5e8c187000 nmethod 6227 0x00007f5e7e3d7090 code [0x00007f5e7e3d7280, 0x00007f5e7e3d7c38]
Event: 16.479 Thread 0x00007f5e8c187000 6228       2       sun.misc.CompoundEnumeration::nextElement (30 bytes)
Event: 16.479 Thread 0x00007f5e8c187000 nmethod 6228 0x00007f5e7e3d8050 code [0x00007f5e7e3d81e0, 0x00007f5e7e3d8468]
Event: 16.479 Thread 0x00007f5e8c187000 6229       2       java.net.URLClassLoader$3::nextElement (5 bytes)
Event: 16.479 Thread 0x00007f5e8c187000 nmethod 6229 0x00007f5e7e3d8610 code [0x00007f5e7e3d8780, 0x00007f5e7e3d89d8]
Event: 16.501 Thread 0x00007f5e8c187000 6231       2       org.springframework.beans.factory.support.DefaultListableBeanFactory::resolveMultipleBeans (381 bytes)
Event: 16.505 Thread 0x00007f5e8c187000 nmethod 6231 0x00007f5e7e3d8b10 code [0x00007f5e7e3d9060, 0x00007f5e7e3dac68]

GC Heap History (10 events):
Event: 6.327 GC heap after
Heap after GC invocations=10 (full 1):
 PSYoungGen      total 224256K, used 10216K [0x00000000d6e00000, 0x00000000eb680000, 0x0000000100000000)
  eden space 214016K, 0% used [0x00000000d6e00000,0x00000000d6e00000,0x00000000e3f00000)
  from space 10240K, 99% used [0x00000000e3f00000,0x00000000e48fa258,0x00000000e4900000)
  to   space 12800K, 0% used [0x00000000eaa00000,0x00000000eaa00000,0x00000000eb680000)
 ParOldGen       total 56320K, used 14553K [0x0000000084a00000, 0x0000000088100000, 0x00000000d6e00000)
  object space 56320K, 25% used [0x0000000084a00000,0x00000000858364e8,0x0000000088100000)
 Metaspace       used 27206K, capacity 27665K, committed 27904K, reserved 1073152K
  class space    used 3452K, capacity 3578K, committed 3584K, reserved 1048576K
}
Event: 8.729 GC heap before
{Heap before GC invocations=11 (full 1):
 PSYoungGen      total 224256K, used 224232K [0x00000000d6e00000, 0x00000000eb680000, 0x0000000100000000)
  eden space 214016K, 100% used [0x00000000d6e00000,0x00000000e3f00000,0x00000000e3f00000)
  from space 10240K, 99% used [0x00000000e3f00000,0x00000000e48fa258,0x00000000e4900000)
  to   space 12800K, 0% used [0x00000000eaa00000,0x00000000eaa00000,0x00000000eb680000)
 ParOldGen       total 56320K, used 14553K [0x0000000084a00000, 0x0000000088100000, 0x00000000d6e00000)
  object space 56320K, 25% used [0x0000000084a00000,0x00000000858364e8,0x0000000088100000)
 Metaspace       used 31532K, capacity 32041K, committed 32384K, reserved 1077248K
  class space    used 4020K, capacity 4142K, committed 4224K, reserved 1048576K
Event: 8.748 GC heap after
Heap after GC invocations=11 (full 1):
 PSYoungGen      total 316416K, used 9748K [0x00000000d6e00000, 0x00000000eb400000, 0x0000000100000000)
  eden space 306176K, 0% used [0x00000000d6e00000,0x00000000d6e00000,0x00000000e9900000)
  from space 10240K, 95% used [0x00000000eaa00000,0x00000000eb385110,0x00000000eb400000)
  to   space 13312K, 0% used [0x00000000e9a00000,0x00000000e9a00000,0x00000000ea700000)
 ParOldGen       total 56320K, used 19091K [0x0000000084a00000, 0x0000000088100000, 0x00000000d6e00000)
  object space 56320K, 33% used [0x0000000084a00000,0x0000000085ca4c48,0x0000000088100000)
 Metaspace       used 31532K, capacity 32041K, committed 32384K, reserved 1077248K
  class space    used 4020K, capacity 4142K, committed 4224K, reserved 1048576K
}
Event: 9.802 GC heap before
{Heap before GC invocations=12 (full 1):
 PSYoungGen      total 316416K, used 99341K [0x00000000d6e00000, 0x00000000eb400000, 0x0000000100000000)
  eden space 306176K, 29% used [0x00000000d6e00000,0x00000000dc57e550,0x00000000e9900000)
  from space 10240K, 95% used [0x00000000eaa00000,0x00000000eb385110,0x00000000eb400000)
  to   space 13312K, 0% used [0x00000000e9a00000,0x00000000e9a00000,0x00000000ea700000)
 ParOldGen       total 56320K, used 19091K [0x0000000084a00000, 0x0000000088100000, 0x00000000d6e00000)
  object space 56320K, 33% used [0x0000000084a00000,0x0000000085ca4c48,0x0000000088100000)
 Metaspace       used 34875K, capacity 35347K, committed 35456K, reserved 1081344K
  class space    used 4350K, capacity 4469K, committed 4480K, reserved 1048576K
Event: 9.821 GC heap after
Heap after GC invocations=12 (full 1):
 PSYoungGen      total 320512K, used 5014K [0x00000000d6e00000, 0x00000000f3080000, 0x0000000100000000)
  eden space 307200K, 0% used [0x00000000d6e00000,0x00000000d6e00000,0x00000000e9a00000)
  from space 13312K, 37% used [0x00000000e9a00000,0x00000000e9ee59b8,0x00000000ea700000)
  to   space 13312K, 0% used [0x00000000f2380000,0x00000000f2380000,0x00000000f3080000)
 ParOldGen       total 56320K, used 24230K [0x0000000084a00000, 0x0000000088100000, 0x00000000d6e00000)
  object space 56320K, 43% used [0x0000000084a00000,0x00000000861a9918,0x0000000088100000)
 Metaspace       used 34875K, capacity 35347K, committed 35456K, reserved 1081344K
  class space    used 4350K, capacity 4469K, committed 4480K, reserved 1048576K
}
Event: 9.821 GC heap before
{Heap before GC invocations=13 (full 2):
 PSYoungGen      total 320512K, used 5014K [0x00000000d6e00000, 0x00000000f3080000, 0x0000000100000000)
  eden space 307200K, 0% used [0x00000000d6e00000,0x00000000d6e00000,0x00000000e9a00000)
  from space 13312K, 37% used [0x00000000e9a00000,0x00000000e9ee59b8,0x00000000ea700000)
  to   space 13312K, 0% used [0x00000000f2380000,0x00000000f2380000,0x00000000f3080000)
 ParOldGen       total 56320K, used 24230K [0x0000000084a00000, 0x0000000088100000, 0x00000000d6e00000)
  object space 56320K, 43% used [0x0000000084a00000,0x00000000861a9918,0x0000000088100000)
 Metaspace       used 34875K, capacity 35347K, committed 35456K, reserved 1081344K
  class space    used 4350K, capacity 4469K, committed 4480K, reserved 1048576K
Event: 9.889 GC heap after
Heap after GC invocations=13 (full 2):
 PSYoungGen      total 320512K, used 0K [0x00000000d6e00000, 0x00000000f3080000, 0x0000000100000000)
  eden space 307200K, 0% used [0x00000000d6e00000,0x00000000d6e00000,0x00000000e9a00000)
  from space 13312K, 0% used [0x00000000e9a00000,0x00000000e9a00000,0x00000000ea700000)
  to   space 13312K, 0% used [0x00000000f2380000,0x00000000f2380000,0x00000000f3080000)
 ParOldGen       total 84480K, used 23066K [0x0000000084a00000, 0x0000000089c80000, 0x00000000d6e00000)
  object space 84480K, 27% used [0x0000000084a00000,0x0000000086086a08,0x0000000089c80000)
 Metaspace       used 34875K, capacity 35347K, committed 35456K, reserved 1081344K
  class space    used 4350K, capacity 4469K, committed 4480K, reserved 1048576K
}
Event: 12.810 GC heap before
{Heap before GC invocations=14 (full 2):
 PSYoungGen      total 320512K, used 307200K [0x00000000d6e00000, 0x00000000f3080000, 0x0000000100000000)
  eden space 307200K, 100% used [0x00000000d6e00000,0x00000000e9a00000,0x00000000e9a00000)
  from space 13312K, 0% used [0x00000000e9a00000,0x00000000e9a00000,0x00000000ea700000)
  to   space 13312K, 0% used [0x00000000f2380000,0x00000000f2380000,0x00000000f3080000)
 ParOldGen       total 84480K, used 23066K [0x0000000084a00000, 0x0000000089c80000, 0x00000000d6e00000)
  object space 84480K, 27% used [0x0000000084a00000,0x0000000086086a08,0x0000000089c80000)
 Metaspace       used 43104K, capacity 43689K, committed 43904K, reserved 1087488K
  class space    used 5584K, capacity 5726K, committed 5760K, reserved 1048576K
Event: 12.847 GC heap after
Heap after GC invocations=14 (full 2):
 PSYoungGen      total 443904K, used 13298K [0x00000000d6e00000, 0x00000000f3080000, 0x0000000100000000)
  eden space 430592K, 0% used [0x00000000d6e00000,0x00000000d6e00000,0x00000000f1280000)
  from space 13312K, 99% used [0x00000000f2380000,0x00000000f307c850,0x00000000f3080000)
  to   space 14848K, 0% used [0x00000000f1380000,0x00000000f1380000,0x00000000f2200000)
 ParOldGen       total 84480K, used 23136K [0x0000000084a00000, 0x0000000089c80000, 0x00000000d6e00000)
  object space 84480K, 27% used [0x0000000084a00000,0x00000000860980e0,0x0000000089c80000)
 Metaspace       used 43104K, capacity 43689K, committed 43904K, reserved 1087488K
  class space    used 5584K, capacity 5726K, committed 5760K, reserved 1048576K
}
Event: 16.533 GC heap before
{Heap before GC invocations=15 (full 2):
 PSYoungGen      total 443904K, used 443890K [0x00000000d6e00000, 0x00000000f3080000, 0x0000000100000000)
  eden space 430592K, 100% used [0x00000000d6e00000,0x00000000f1280000,0x00000000f1280000)
  from space 13312K, 99% used [0x00000000f2380000,0x00000000f307c850,0x00000000f3080000)
  to   space 14848K, 0% used [0x00000000f1380000,0x00000000f1380000,0x00000000f2200000)
 ParOldGen       total 84480K, used 23136K [0x0000000084a00000, 0x0000000089c80000, 0x00000000d6e00000)
  object space 84480K, 27% used [0x0000000084a00000,0x00000000860980e0,0x0000000089c80000)
 Metaspace       used 52885K, capacity 53501K, committed 53888K, reserved 1095680K
  class space    used 6864K, capacity 7004K, committed 7040K, reserved 1048576K

Deoptimization events (10 events):
Event: 15.373 Thread 0x00007f5e8c00b800 Uncommon trap: reason=null_check action=make_not_entrant pc=0x00007f5e7e3264b8 method=org.springframework.core.annotation.AnnotatedElementUtils.searchWithFindSemantics(Ljava/lang/reflect/AnnotatedElement;Ljava/lang/Class;Ljava/lang/String;Ljava/lang/Class
Event: 15.397 Thread 0x00007f5e8c00b800 Uncommon trap: reason=class_check action=maybe_recompile pc=0x00007f5e7e046dbc method=java.util.regex.Pattern$5.isSatisfiedBy(I)Z @ 16
Event: 15.410 Thread 0x00007f5e8c00b800 Uncommon trap: reason=class_check action=maybe_recompile pc=0x00007f5e7e046dbc method=java.util.regex.Pattern$5.isSatisfiedBy(I)Z @ 16
Event: 15.410 Thread 0x00007f5e8c00b800 Uncommon trap: reason=class_check action=maybe_recompile pc=0x00007f5e7e046dbc method=java.util.regex.Pattern$5.isSatisfiedBy(I)Z @ 16
Event: 15.446 Thread 0x00007f5e8c00b800 Uncommon trap: reason=null_check action=make_not_entrant pc=0x00007f5e7e34524c method=org.springframework.core.annotation.AnnotatedElementUtils.searchWithGetSemanticsInAnnotations(Ljava/lang/reflect/AnnotatedElement;Ljava/util/List;Ljava/lang/Class;Ljava/
Event: 15.584 Thread 0x00007f5e8c00b800 Uncommon trap: reason=unstable_if action=reinterpret pc=0x00007f5e7dbc31b4 method=org.springframework.util.AntPathMatcher.skipSegment([CILjava/lang/String;)I @ 62
Event: 16.123 Thread 0x00007f5e8c00b800 Uncommon trap: reason=null_check action=make_not_entrant pc=0x00007f5e7e37e804 method=org.springframework.core.annotation.AnnotationUtils.isSynthesizable(Ljava/lang/Class;)Z @ 119
Event: 16.133 Thread 0x00007f5e8c00b800 Uncommon trap: reason=null_check action=make_not_entrant pc=0x00007f5e7e27491c method=org.springframework.util.ClassUtils.isAssignable(Ljava/lang/Class;Ljava/lang/Class;)Z @ 38
Event: 16.201 Thread 0x00007f5e8c00b800 Uncommon trap: reason=unstable_if action=reinterpret pc=0x00007f5e7d78957c method=java.util.concurrent.ConcurrentHashMap.transfer([Ljava/util/concurrent/ConcurrentHashMap$Node;[Ljava/util/concurrent/ConcurrentHashMap$Node;)V @ 356
Event: 16.516 Thread 0x00007f5e8c00b800 Uncommon trap: reason=unstable_if action=reinterpret pc=0x00007f5e7e03a370 method=java.util.Locale.hashCode()I @ 6

Classes redefined (0 events):
No events

Internal exceptions (10 events):
Event: 16.497 Thread 0x00007f5e8c00b800 Exception <a 'java/lang/ClassNotFoundException': org/springframework/boot/autoconfigure/web/EmbeddedServletContainerAutoConfiguration$$EnhancerBySpringCGLIB$$893def42Customizer> (0x00000000f0e45d70) thrown at [/HUDSON/workspace/8-2-build-linux-amd64/jdk8u
Event: 16.499 Thread 0x00007f5e8c00b800 Exception <a 'java/lang/ClassNotFoundException': org/springframework/context/annotation/ConfigurationClassEnhancer$EnhancedConfigurationCustomizer> (0x00000000f0e9a430) thrown at [/HUDSON/workspace/8-2-build-linux-amd64/jdk8u201/12317/hotspot/src/share/vm
Event: 16.506 Thread 0x00007f5e8c00b800 Exception <a 'java/lang/ClassNotFoundException': java/lang/ObjectCustomizer> (0x00000000f0f09038) thrown at [/HUDSON/workspace/8-2-build-linux-amd64/jdk8u201/12317/hotspot/src/share/vm/classfile/systemDictionary.cpp, line 210]
Event: 16.507 Thread 0x00007f5e8c00b800 Exception <a 'java/lang/ClassNotFoundException': org/springframework/boot/autoconfigure/web/DispatcherServletAutoConfiguration$DispatcherServletConfigurationCustomizer> (0x00000000f0f690b8) thrown at [/HUDSON/workspace/8-2-build-linux-amd64/jdk8u201/12317
Event: 16.507 Thread 0x00007f5e8c00b800 Exception <a 'java/lang/ClassNotFoundException': org/springframework/boot/autoconfigure/web/DispatcherServletAutoConfiguration$DispatcherServletConfiguration$$EnhancerBySpringCGLIB$$c336ce54Customizer> (0x00000000f0fdeb18) thrown at [/HUDSON/workspace/8-2
Event: 16.508 Thread 0x00007f5e8c00b800 Exception <a 'java/lang/ClassNotFoundException': org/springframework/context/annotation/ConfigurationClassEnhancer$EnhancedConfigurationCustomizer> (0x00000000f1036458) thrown at [/HUDSON/workspace/8-2-build-linux-amd64/jdk8u201/12317/hotspot/src/share/vm
Event: 16.531 Thread 0x00007f5e8c00b800 Exception <a 'java/lang/ClassNotFoundException': java/lang/ObjectCustomizer> (0x00000000f11e80a8) thrown at [/HUDSON/workspace/8-2-build-linux-amd64/jdk8u201/12317/hotspot/src/share/vm/classfile/systemDictionary.cpp, line 210]
Event: 16.531 Thread 0x00007f5e8c00b800 Exception <a 'java/lang/ClassNotFoundException': javax/servlet/GenericServletCustomizer> (0x00000000f1213b98) thrown at [/HUDSON/workspace/8-2-build-linux-amd64/jdk8u201/12317/hotspot/src/share/vm/classfile/systemDictionary.cpp, line 210]
Event: 16.532 Thread 0x00007f5e8c00b800 Exception <a 'java/lang/ClassNotFoundException': javax/servlet/http/HttpServletCustomizer> (0x00000000f12470d0) thrown at [/HUDSON/workspace/8-2-build-linux-amd64/jdk8u201/12317/hotspot/src/share/vm/classfile/systemDictionary.cpp, line 210]
Event: 16.532 Thread 0x00007f5e8c00b800 Exception <a 'java/lang/ClassNotFoundException': org/springframework/web/servlet/HttpServletBeanCustomizer> (0x00000000f127ebb0) thrown at [/HUDSON/workspace/8-2-build-linux-amd64/jdk8u201/12317/hotspot/src/share/vm/classfile/systemDictionary.cpp, line 21

Events (10 events):
Event: 16.532 loading class javax/servlet/http/HttpServletCustomizer done
Event: 16.532 loading class javax/servlet/http/HttpServletCustomizer
Event: 16.532 loading class javax/servlet/http/HttpServletCustomizer done
Event: 16.532 loading class org/springframework/web/servlet/HttpServletBeanCustomizer
Event: 16.532 loading class org/springframework/web/servlet/HttpServletBeanCustomizer done
Event: 16.532 loading class org/springframework/web/servlet/HttpServletBeanCustomizer
Event: 16.532 loading class org/springframework/web/servlet/HttpServletBeanCustomizer done
Event: 16.532 loading class org/springframework/web/servlet/HttpServletBeanCustomizer
Event: 16.532 loading class org/springframework/web/servlet/HttpServletBeanCustomizer done
Event: 16.532 Executing VM operation: ParallelGCFailedAllocation


Dynamic libraries:
00400000-00401000 r-xp 00000000 08:02 526127                             /usr/lib/jdk/jdk1.8.0_201/jre/bin/java
00600000-00601000 r--p 00000000 08:02 526127                             /usr/lib/jdk/jdk1.8.0_201/jre/bin/java
00601000-00602000 rw-p 00001000 08:02 526127                             /usr/lib/jdk/jdk1.8.0_201/jre/bin/java
024ef000-02510000 rw-p 00000000 00:00 0                                  [heap]
84a00000-89c80000 rw-p 00000000 00:00 0 
89c80000-d6e00000 ---p 00000000 00:00 0 
d6e00000-f3080000 rw-p 00000000 00:00 0 
fe000000-100000000 ---p 00000000 00:00 0 
100000000-1006e0000 rw-p 00000000 00:00 0 
1006e0000-140000000 ---p 00000000 00:00 0 
7f5e2c000000-7f5e2c021000 rw-p 00000000 00:00 0 
7f5e2c021000-7f5e30000000 ---p 00000000 00:00 0 
7f5e34000000-7f5e34021000 rw-p 00000000 00:00 0 
7f5e34021000-7f5e38000000 ---p 00000000 00:00 0 
7f5e38000000-7f5e381ec000 rw-p 00000000 00:00 0 
7f5e381ec000-7f5e3c000000 ---p 00000000 00:00 0 
7f5e3e8ff000-7f5e3e902000 ---p 00000000 00:00 0 
7f5e3e902000-7f5e3ebc0000 rw-p 00000000 00:00 0 
7f5e3ebc0000-7f5e3ec00000 ---p 00000000 00:00 0 
7f5e3ec00000-7f5e3ee00000 rw-p 00000000 00:00 0 
7f5e3ee00000-7f5e3f000000 rw-p 00000000 00:00 0 
7f5e3f000000-7f5e3f200000 rw-p 00000000 00:00 0 
7f5e3f200000-7f5e3f400000 rw-p 00000000 00:00 0 
7f5e3f400000-7f5e3f600000 rw-p 00000000 00:00 0 
7f5e3f600000-7f5e3f800000 rw-p 00000000 00:00 0 
7f5e3f800000-7f5e3fa00000 rw-p 00000000 00:00 0 
7f5e3fa00000-7f5e3fc00000 rw-p 00000000 00:00 0 
7f5e3fc00000-7f5e3fe00000 rw-p 00000000 00:00 0 
7f5e3fe00000-7f5e40000000 rw-p 00000000 00:00 0 
7f5e40000000-7f5e40021000 rw-p 00000000 00:00 0 
7f5e40021000-7f5e44000000 ---p 00000000 00:00 0 
7f5e44000000-7f5e44021000 rw-p 00000000 00:00 0 
7f5e44021000-7f5e48000000 ---p 00000000 00:00 0 
7f5e48000000-7f5e494fe000 rw-p 00000000 00:00 0 
7f5e494fe000-7f5e4c000000 ---p 00000000 00:00 0 
7f5e4c000000-7f5e4d033000 rw-p 00000000 00:00 0 
7f5e4d033000-7f5e50000000 ---p 00000000 00:00 0 
7f5e50000000-7f5e50021000 rw-p 00000000 00:00 0 
7f5e50021000-7f5e54000000 ---p 00000000 00:00 0 
7f5e54000000-7f5e55fd6000 rw-p 00000000 00:00 0 
7f5e55fd6000-7f5e58000000 ---p 00000000 00:00 0 
7f5e58000000-7f5e58021000 rw-p 00000000 00:00 0 
7f5e58021000-7f5e5c000000 ---p 00000000 00:00 0 
7f5e5c000000-7f5e5c021000 rw-p 00000000 00:00 0 
7f5e5c021000-7f5e60000000 ---p 00000000 00:00 0 
7f5e60000000-7f5e60021000 rw-p 00000000 00:00 0 
7f5e60021000-7f5e64000000 ---p 00000000 00:00 0 
7f5e64000000-7f5e6429c000 rw-p 00000000 00:00 0 
7f5e6429c000-7f5e68000000 ---p 00000000 00:00 0 
7f5e68000000-7f5e68021000 rw-p 00000000 00:00 0 
7f5e68021000-7f5e6c000000 ---p 00000000 00:00 0 
7f5e6c0f6000-7f5e6c0f9000 ---p 00000000 00:00 0 
7f5e6c0f9000-7f5e6c3f7000 rw-p 00000000 00:00 0 
7f5e6c3f7000-7f5e6c413000 r--s 00393000 08:02 526294                     /usr/lib/jdk/jdk1.8.0_201/jre/lib/ext/cldrdata.jar
7f5e6c413000-7f5e6c41d000 r--s 00116000 08:02 526301                     /usr/lib/jdk/jdk1.8.0_201/jre/lib/ext/localedata.jar
7f5e6c41d000-7f5e6c61d000 rw-p 00000000 00:00 0 
7f5e6c61d000-7f5e6c81d000 rw-p 00000000 00:00 0 
7f5e6c81d000-7f5e6c8b3000 r--s 0110e000 08:02 526295                     /usr/lib/jdk/jdk1.8.0_201/jre/lib/ext/jfxrt.jar
7f5e6c8b3000-7f5e6c8c4000 r-xp 00000000 08:02 526453                     /usr/lib/jdk/jdk1.8.0_201/jre/lib/amd64/libnio.so
7f5e6c8c4000-7f5e6cac3000 ---p 00011000 08:02 526453                     /usr/lib/jdk/jdk1.8.0_201/jre/lib/amd64/libnio.so
7f5e6cac3000-7f5e6cac4000 r--p 00010000 08:02 526453                     /usr/lib/jdk/jdk1.8.0_201/jre/lib/amd64/libnio.so
7f5e6cac4000-7f5e6cac5000 rw-p 00011000 08:02 526453                     /usr/lib/jdk/jdk1.8.0_201/jre/lib/amd64/libnio.so
7f5e6cac5000-7f5e6ccc5000 rw-p 00000000 00:00 0 
7f5e6ccc5000-7f5e6cec5000 rw-p 00000000 00:00 0 
7f5e6cec5000-7f5e6d0c5000 rw-p 00000000 00:00 0 
7f5e6d0c5000-7f5e6d0ce000 r-xp 00000000 08:02 526458                     /usr/lib/jdk/jdk1.8.0_201/jre/lib/amd64/libmanagement.so
7f5e6d0ce000-7f5e6d2cd000 ---p 00009000 08:02 526458                     /usr/lib/jdk/jdk1.8.0_201/jre/lib/amd64/libmanagement.so
7f5e6d2cd000-7f5e6d2ce000 r--p 00008000 08:02 526458                     /usr/lib/jdk/jdk1.8.0_201/jre/lib/amd64/libmanagement.so
7f5e6d2ce000-7f5e6d2cf000 rw-p 00009000 08:02 526458                     /usr/lib/jdk/jdk1.8.0_201/jre/lib/amd64/libmanagement.so
7f5e6d2cf000-7f5e6d2e6000 r-xp 00000000 08:02 6034326                    /lib/x86_64-linux-gnu/libresolv-2.27.so
7f5e6d2e6000-7f5e6d4e6000 ---p 00017000 08:02 6034326                    /lib/x86_64-linux-gnu/libresolv-2.27.so
7f5e6d4e6000-7f5e6d4e7000 r--p 00017000 08:02 6034326                    /lib/x86_64-linux-gnu/libresolv-2.27.so
7f5e6d4e7000-7f5e6d4e8000 rw-p 00018000 08:02 6034326                    /lib/x86_64-linux-gnu/libresolv-2.27.so
7f5e6d4e8000-7f5e6d4ea000 rw-p 00000000 00:00 0 
7f5e6d4ea000-7f5e6d4ef000 r-xp 00000000 08:02 6034275                    /lib/x86_64-linux-gnu/libnss_dns-2.27.so
7f5e6d4ef000-7f5e6d6ef000 ---p 00005000 08:02 6034275                    /lib/x86_64-linux-gnu/libnss_dns-2.27.so
7f5e6d6ef000-7f5e6d6f0000 r--p 00005000 08:02 6034275                    /lib/x86_64-linux-gnu/libnss_dns-2.27.so
7f5e6d6f0000-7f5e6d6f1000 rw-p 00006000 08:02 6034275                    /lib/x86_64-linux-gnu/libnss_dns-2.27.so
7f5e6d6f1000-7f5e6d6f3000 r-xp 00000000 08:02 6034283                    /lib/x86_64-linux-gnu/libnss_mdns4_minimal.so.2
7f5e6d6f3000-7f5e6d8f2000 ---p 00002000 08:02 6034283                    /lib/x86_64-linux-gnu/libnss_mdns4_minimal.so.2
7f5e6d8f2000-7f5e6d8f3000 r--p 00001000 08:02 6034283                    /lib/x86_64-linux-gnu/libnss_mdns4_minimal.so.2
7f5e6d8f3000-7f5e6d8f4000 rw-p 00002000 08:02 6034283                    /lib/x86_64-linux-gnu/libnss_mdns4_minimal.so.2
7f5e6d8f6000-7f5e6d8fa000 r--s 000a1000 08:02 526290                     /usr/lib/jdk/jdk1.8.0_201/jre/lib/jsse.jar
7f5e6d8fa000-7f5e6d90d000 r--s 00345000 08:02 526271                     /usr/lib/jdk/jdk1.8.0_201/jre/lib/resources.jar
7f5e6d90d000-7f5e6d912000 r--s 002f9000 08:02 526231                     /usr/lib/jdk/jdk1.8.0_201/jre/lib/charsets.jar
7f5e6d912000-7f5e6d915000 ---p 00000000 00:00 0 
7f5e6d915000-7f5e6da13000 rw-p 00000000 00:00 0 
7f5e6da13000-7f5e6da29000 r-xp 00000000 08:02 526450                     /usr/lib/jdk/jdk1.8.0_201/jre/lib/amd64/libnet.so
7f5e6da29000-7f5e6dc29000 ---p 00016000 08:02 526450                     /usr/lib/jdk/jdk1.8.0_201/jre/lib/amd64/libnet.so
7f5e6dc29000-7f5e6dc2a000 r--p 00016000 08:02 526450                     /usr/lib/jdk/jdk1.8.0_201/jre/lib/amd64/libnet.so
7f5e6dc2a000-7f5e6dc2b000 rw-p 00017000 08:02 526450                     /usr/lib/jdk/jdk1.8.0_201/jre/lib/amd64/libnet.so
7f5e6dc2b000-7f5e6de2b000 rw-p 00000000 00:00 0 
7f5e6de2b000-7f5e6e02b000 rw-p 00000000 00:00 0 
7f5e6e02b000-7f5e6e02d000 r--s 0000f000 08:02 3682227                    /home/leaderment/.m2/repository/org/apache/maven/surefire/surefire-junit4/2.18.1/surefire-junit4-2.18.1.jar
7f5e6e02d000-7f5e6e034000 r--s 0007f000 08:02 4747183                    /home/leaderment/.m2/repository/com/alibaba/fastjson/1.2.47/fastjson-1.2.47.jar
7f5e6e034000-7f5e6e03d000 r--s 0006f000 08:02 1312449                    /home/leaderment/.m2/repository/log4j/log4j/1.2.17/log4j-1.2.17.jar
7f5e6e03d000-7f5e6e03f000 r--s 00000000 08:02 1448750                    /home/leaderment/.m2/repository/org/slf4j/jul-to-slf4j/1.7.21/jul-to-slf4j-1.7.21.jar
7f5e6e03f000-7f5e6e041000 r--s 00003000 08:02 1448745                    /home/leaderment/.m2/repository/org/slf4j/jcl-over-slf4j/1.7.21/jcl-over-slf4j-1.7.21.jar
7f5e6e041000-7f5e6e042000 r--s 00000000 08:02 5120452                    /home/leaderment/.m2/repository/org/springframework/boot/spring-boot-starter-log4j/1.3.8.RELEASE/spring-boot-starter-log4j-1.3.8.RELEASE.jar
7f5e6e042000-7f5e6e060000 r--s 000cf000 08:02 1312568                    /home/leaderment/.m2/repository/org/springframework/boot/spring-boot-autoconfigure/1.4.1.RELEASE/spring-boot-autoconfigure-1.4.1.RELEASE.jar
7f5e6e060000-7f5e6e070000 r--s 00091000 08:02 1312546                    /home/leaderment/.m2/repository/org/springframework/boot/spring-boot/1.4.1.RELEASE/spring-boot-1.4.1.RELEASE.jar
7f5e6e070000-7f5e6e071000 r--s 00000000 08:02 1312536                    /home/leaderment/.m2/repository/org/springframework/boot/spring-boot-starter/1.4.1.RELEASE/spring-boot-starter-1.4.1.RELEASE.jar
7f5e6e071000-7f5e6e07a000 r--s 0002d000 08:02 5120445                    /home/leaderment/.m2/repository/xml-apis/xml-apis/1.4.01/xml-apis-1.4.01.jar
7f5e6e07a000-7f5e6e07f000 r--s 00048000 08:02 5120334                    /home/leaderment/.m2/repository/dom4j/dom4j/1.6.1/dom4j-1.6.1.jar
7f5e6e07f000-7f5e6e0bc000 r--s 0024f000 08:02 3016876                    /home/leaderment/.m2/repository/org/apache/xmlbeans/xmlbeans/2.3.0/xmlbeans-2.3.0.jar
7f5e6e0bc000-7f5e6e150000 r--s 00401000 08:02 4074125                    /home/leaderment/.m2/repository/org/apache/poi/poi-ooxml-schemas/3.9/poi-ooxml-schemas-3.9.jar
7f5e6e150000-7f5e6e15c000 r--s 000d9000 08:02 4074123                    /home/leaderment/.m2/repository/org/apache/poi/poi-ooxml/3.9/poi-ooxml-3.9.jar
7f5e6e15c000-7f5e6e163000 r--s 0003f000 08:02 1316660                    /home/leaderment/.m2/repository/commons-codec/commons-codec/1.10/commons-codec-1.10.jar
7f5e6e163000-7f5e6e183000 r--s 001a9000 08:02 3945394                    /home/leaderment/.m2/repository/org/apache/poi/poi/3.9/poi-3.9.jar
7f5e6e183000-7f5e6e19d000 r--s 001d4000 08:02 5120461                    /home/leaderment/.m2/repository/org/aspectj/aspectjweaver/1.9.0/aspectjweaver-1.9.0.jar
7f5e6e19d000-7f5e6e1a3000 r--s 00048000 08:02 1312984                    /home/leaderment/.m2/repository/org/apache/commons/commons-lang3/3.1/commons-lang3-3.1.jar
7f5e6e1a3000-7f5e6e1a9000 r--s 0003d000 08:02 1188330                    /home/leaderment/.m2/repository/org/yaml/snakeyaml/1.17/snakeyaml-1.17.jar
7f5e6e1a9000-7f5e6e1b6000 r--s 00083000 08:02 1442364                    /home/leaderment/.m2/repository/commons-collections/commons-collections/3.2.2/commons-collections-3.2.2.jar
7f5e6e1b6000-7f5e6e1b9000 r--s 00009000 08:02 5120457                    /home/leaderment/.m2/repository/org/eclipse/jetty/websocket/websocket-api/9.3.11.v20160721/websocket-api-9.3.11.v20160721.jar
7f5e6e1b9000-7f5e6e1be000 r--s 0002a000 08:02 5120455                    /home/leaderment/.m2/repository/org/eclipse/jetty/websocket/websocket-common/9.3.11.v20160721/websocket-common-9.3.11.v20160721.jar
7f5e6e1be000-7f5e6e1c1000 r--s 00019000 08:02 5120460                    /home/leaderment/.m2/repository/org/eclipse/jetty/jetty-io/9.3.11.v20160721/jetty-io-9.3.11.v20160721.jar
7f5e6e1c1000-7f5e6e1c8000 r--s 00063000 08:02 5120450                    /home/leaderment/.m2/repository/org/eclipse/jetty/jetty-util/9.3.11.v20160721/jetty-util-9.3.11.v20160721.jar
7f5e6e1c8000-7f5e6e1c9000 r--s 00008000 08:02 5120448                    /home/leaderment/.m2/repository/org/eclipse/jetty/websocket/websocket-client/9.3.11.v20160721/websocket-client-9.3.11.v20160721.jar
7f5e6e1c9000-7f5e6e1cb000 r--s 0000e000 08:02 1312378                    /home/leaderment/.m2/repository/commons-logging/commons-logging/1.2/commons-logging-1.2.jar
7f5e6e1cb000-7f5e6e1cc000 r--s 00003000 08:02 5120328                    /home/leaderment/.m2/repository/org/w3c/css/sac/1.3/sac-1.3.jar
7f5e6e1cc000-7f5e6e1d0000 r--s 00058000 08:02 5120446                    /home/leaderment/.m2/repository/net/sourceforge/cssparser/cssparser/0.9.18/cssparser-0.9.18.jar
7f5e6e1d0000-7f5e6e1e9000 r--s 00135000 08:02 5120442                    /home/leaderment/.m2/repository/xerces/xercesImpl/2.11.0/xercesImpl-2.11.0.jar
7f5e6e1e9000-7f5e6e1ec000 r--s 0001c000 08:02 5120403                    /home/leaderment/.m2/repository/net/sourceforge/htmlunit/neko-htmlunit/2.21/neko-htmlunit-2.21.jar
7f5e6e1ec000-7f5e6e1fa000 r--s 000fc000 08:02 5120430                    /home/leaderment/.m2/repository/net/sourceforge/htmlunit/htmlunit-core-js/2.17/htmlunit-core-js-2.17.jar
7f5e6e1fa000-7f5e6e1fc000 r--s 00009000 08:02 5120438                    /home/leaderment/.m2/repository/org/apache/httpcomponents/httpmime/4.5.2/httpmime-4.5.2.jar
7f5e6e1fc000-7f5e6e200000 r--s 00040000 08:02 5120299                    /home/leaderment/.m2/repository/xalan/serializer/2.7.2/serializer-2.7.2.jar
7f5e6e200000-7f5e6e225000 r--s 002de000 08:02 5120436                    /home/leaderment/.m2/repository/xalan/xalan/2.7.2/xalan-2.7.2.jar
7f5e6e225000-7f5e6e24b000 r--s 001a1000 08:02 5120423                    /home/leaderment/.m2/repository/net/sourceforge/htmlunit/htmlunit/2.21/htmlunit-2.21.jar
7f5e6e24b000-7f5e6e24d000 r--s 0000e000 08:02 5120420                    /home/leaderment/.m2/repository/org/seleniumhq/selenium/htmlunit-driver/2.21/htmlunit-driver-2.21.jar
7f5e6e24d000-7f5e6e250000 r--s 00015000 08:02 1448738                    /home/leaderment/.m2/repository/javax/servlet/javax.servlet-api/3.1.0/javax.servlet-api-3.1.0.jar
7f5e6e250000-7f5e6e266000 r--s 00152000 08:02 5120431                    /home/leaderment/.m2/repository/org/seleniumhq/selenium/jetty-repacked/9.2.13.v20160825/jetty-repacked-9.2.13.v20160825.jar
7f5e6e266000-7f5e6e267000 r--s 00000000 08:02 5120428                    /home/leaderment/.m2/repository/net/jcip/jcip-annotations/1.0/jcip-annotations-1.0.jar
7f5e6e267000-7f5e6e269000 r--s 0000e000 08:02 5120426                    /home/leaderment/.m2/repository/com/beust/jcommander/1.48/jcommander-1.48.jar
7f5e6e269000-7f5e6e26e000 r--s 0005d000 08:02 5120410                    /home/leaderment/.m2/repository/org/seleniumhq/selenium/selenium-leg-rc/2.53.1/selenium-leg-rc-2.53.1.jar
7f5e6e26e000-7f5e6e273000 r--s 00025000 08:02 5120422                    /home/leaderment/.m2/repository/org/seleniumhq/selenium/selenium-support/2.53.1/selenium-support-2.53.1.jar
7f5e6e273000-7f5e6e289000 r--s 000f9000 08:02 5120405                    /home/leaderment/.m2/repository/io/netty/netty/3.5.7.Final/netty-3.5.7.Final.jar
7f5e6e289000-7f5e6e28b000 r--s 00014000 08:02 5120418                    /home/leaderment/.m2/repository/org/seleniumhq/selenium/selenium-safari-driver/2.53.1/selenium-safari-driver-2.53.1.jar
7f5e6e28b000-7f5e6e29c000 r--s 00155000 08:02 4861481                    /home/leaderment/.m2/repository/net/java/dev/jna/jna-platform/4.1.0/jna-platform-4.1.0.jar
7f5e6e29c000-7f5e6e2a0000 r--s 00112000 08:02 4606348                    /home/leaderment/.m2/repository/net/java/dev/jna/jna/4.2.2/jna-4.2.2.jar
7f5e6e2a0000-7f5e6e2a1000 r--s 00002000 08:02 5120399                    /home/leaderment/.m2/repository/org/seleniumhq/selenium/selenium-ie-driver/2.53.1/selenium-ie-driver-2.53.1.jar
7f5e6e2a1000-7f5e6e2a3000 r--s 000c7000 08:02 5120414                    /home/leaderment/.m2/repository/org/seleniumhq/selenium/selenium-firefox-driver/2.53.1/selenium-firefox-driver-2.53.1.jar
7f5e6e2a3000-7f5e6e2a5000 r--s 0000c000 08:02 4071265                    /home/leaderment/.m2/repository/org/apache/commons/commons-exec/1.3/commons-exec-1.3.jar
7f5e6e2a5000-7f5e6e2a9000 r--s 0002a000 08:02 4997841                    /home/leaderment/.m2/repository/commons-io/commons-io/2.4/commons-io-2.4.jar
7f5e6e2a9000-7f5e6e2aa000 r--s 00001000 08:02 5120409                    /home/leaderment/.m2/repository/org/seleniumhq/selenium/selenium-edge-driver/2.53.1/selenium-edge-driver-2.53.1.jar
7f5e6e2aa000-7f5e6e2af000 r--s 0001f000 08:02 5120408                    /home/leaderment/.m2/repository/org/seleniumhq/selenium/selenium-api/2.53.1/selenium-api-2.53.1.jar
7f5e6e2af000-7f5e6e2b6000 r--s 00049000 08:02 5120404                    /home/leaderment/.m2/repository/cglib/cglib-nodep/2.1_3/cglib-nodep-2.1_3.jar
7f5e6e2b6000-7f5e6e2bb000 r--s 00035000 08:02 5120421                    /home/leaderment/.m2/repository/org/seleniumhq/selenium/selenium-remote-driver/2.53.1/selenium-remote-driver-2.53.1.jar
7f5e6e2bb000-7f5e6e2bc000 r--s 00002000 08:02 5120400                    /home/leaderment/.m2/repository/org/seleniumhq/selenium/selenium-chrome-driver/2.53.1/selenium-chrome-driver-2.53.1.jar
7f5e6e2bc000-7f5e6e2bd000 r--s 00000000 08:02 5120398                    /home/leaderment/.m2/repository/org/seleniumhq/selenium/selenium-java/2.53.1/selenium-java-2.53.1.jar
7f5e6e2bd000-7f5e6e2c7000 r--s 0006f000 08:02 5120396                    /home/leaderment/.m2/repository/org/seleniumhq/selenium/selenium-server/3.0.1/selenium-server-3.0.1.jar
7f5e6e2c7000-7f5e6e2ca000 r--s 00019000 08:02 3811995                    /home/leaderment/.m2/repository/org/apache/commons/commons-pool2/2.4.2/commons-pool2-2.4.2.jar
7f5e6e2ca000-7f5e6e2d6000 r--s 00078000 08:02 5120389                    /home/leaderment/.m2/repository/redis/clients/jedis/2.8.1/jedis-2.8.1.jar
7f5e6e2d6000-7f5e6e2db000 r--s 00029000 08:02 1448741                    /home/leaderment/.m2/repository/org/springframework/spring-context-support/4.3.3.RELEASE/spring-context-support-4.3.3.RELEASE.jar
7f5e6e2db000-7f5e6e2dd000 r--s 00013000 08:02 5120341                    /home/leaderment/.m2/repository/org/springframework/spring-oxm/4.3.3.RELEASE/spring-oxm-4.3.3.RELEASE.jar
7f5e6e2dd000-7f5e6e2e1000 r--s 00016000 08:02 5120390                    /home/leaderment/.m2/repository/org/springframework/data/spring-data-keyvalue/1.1.3.RELEASE/spring-data-keyvalue-1.1.3.RELEASE.jar
7f5e6e2e1000-7f5e6e2fa000 r--s 000f9000 08:02 5120388                    /home/leaderment/.m2/repository/org/springframework/data/spring-data-redis/1.7.3.RELEASE/spring-data-redis-1.7.3.RELEASE.jar
7f5e6e2fa000-7f5e6e2fb000 r--s 00000000 08:02 5120383                    /home/leaderment/.m2/repository/org/springframework/boot/spring-boot-starter-data-redis/1.4.1.RELEASE/spring-boot-starter-data-redis-1.4.1.RELEASE.jar
7f5e6e2fb000-7f5e6e2fc000 r--s 00000000 08:02 5120384                    /home/leaderment/.m2/repository/org/codehaus/mojo/animal-sniffer-annotations/1.14/animal-sniffer-annotations-1.14.jar
7f5e6e2fc000-7f5e6e2fe000 r--s 00001000 08:02 5120363                    /home/leaderment/.m2/repository/com/google/j2objc/j2objc-annotations/1.1/j2objc-annotations-1.1.jar
7f5e6e2fe000-7f5e6e300000 r--s 00002000 08:02 5120380                    /home/leaderment/.m2/repository/com/google/errorprone/error_prone_annotations/2.1.3/error_prone_annotations-2.1.3.jar
7f5e6e300000-7f5e6e312000 r--s 00042000 08:02 5120377                    /home/leaderment/.m2/repository/org/checkerframework/checker-qual/2.0.0/checker-qual-2.0.0.jar
7f5e6e312000-7f5e6e314000 r--s 00003000 08:02 5120350                    /home/leaderment/.m2/repository/com/google/code/findbugs/jsr305/3.0.2/jsr305-3.0.2.jar
7f5e6e314000-7f5e6e346000 r--s 0026a000 08:02 5120326                    /home/leaderment/.m2/repository/com/google/guava/guava/25.1-jre/guava-25.1-jre.jar
7f5e6e346000-7f5e6e348000 r--s 002c4000 08:02 5120372                    /home/leaderment/.m2/repository/io/springfox/springfox-swagger-ui/2.9.2/springfox-swagger-ui-2.9.2.jar
7f5e6e348000-7f5e6e34a000 r--s 00004000 08:02 5120361                    /home/leaderment/.m2/repository/org/mapstruct/mapstruct/1.2.0.Final/mapstruct-1.2.0.Final.jar
7f5e6e34a000-7f5e6e34c000 r--s 00000000 08:02 5120359                    /home/leaderment/.m2/repository/org/springframework/plugin/spring-plugin-metadata/1.2.0.RELEASE/spring-plugin-metadata-1.2.0.RELEASE.jar
7f5e6e34c000-7f5e6e34d000 r--s 00004000 08:02 5120367                    /home/leaderment/.m2/repository/org/springframework/plugin/spring-plugin-core/1.2.0.RELEASE/spring-plugin-core-1.2.0.RELEASE.jar
7f5e6e34d000-7f5e6e34f000 r--s 00009000 08:02 1448747                    /home/leaderment/.m2/repository/org/slf4j/slf4j-api/1.7.21/slf4j-api-1.7.21.jar
7f5e6e34f000-7f5e6e351000 r--s 0000e000 08:02 4997839                    /home/leaderment/.m2/repository/com/fasterxml/classmate/1.3.1/classmate-1.3.1.jar
7f5e6e351000-7f5e6e356000 r--s 0002b000 08:02 5120375                    /home/leaderment/.m2/repository/io/springfox/springfox-spring-web/2.9.2/springfox-spring-web-2.9.2.jar
7f5e6e356000-7f5e6e35a000 r--s 00017000 08:02 5120360                    /home/leaderment/.m2/repository/io/springfox/springfox-swagger-common/2.9.2/springfox-swagger-common-2.9.2.jar
7f5e6e35a000-7f5e6e35d000 r--s 00012000 08:02 5120355                    /home/leaderment/.m2/repository/io/springfox/springfox-schema/2.9.2/springfox-schema-2.9.2.jar
7f5e6e35d000-7f5e6e39d000 r--s 00296000 08:02 5120353                    /home/leaderment/.m2/repository/net/bytebuddy/byte-buddy/1.8.12/byte-buddy-1.8.12.jar
7f5e6e39d000-7f5e6e3a1000 r--s 00019000 08:02 5120368                    /home/leaderment/.m2/repository/io/springfox/springfox-core/2.9.2/springfox-core-2.9.2.jar
7f5e6e3a1000-7f5e6e3a4000 r--s 0000b000 08:02 5120345                    /home/leaderment/.m2/repository/io/springfox/springfox-spi/2.9.2/springfox-spi-2.9.2.jar
7f5e6e3a4000-7f5e6e3a8000 r--s 00022000 08:02 5120358                    /home/leaderment/.m2/repository/io/swagger/swagger-models/1.5.20/swagger-models-1.5.20.jar
7f5e6e3a8000-7f5e6e3aa000 r--s 00004000 08:02 5120373                    /home/leaderment/.m2/repository/io/swagger/swagger-annotations/1.5.20/swagger-annotations-1.5.20.jar
7f5e6e3aa000-7f5e6e3ad000 r--s 0000e000 08:02 5120351                    /home/leaderment/.m2/repository/io/springfox/springfox-swagger2/2.9.2/springfox-swagger2-2.9.2.jar
7f5e6e3ad000-7f5e6e3b0000 r--s 00019000 08:02 5120348                    /home/leaderment/.m2/repository/commons-pool/commons-pool/1.6/commons-pool-1.6.jar
7f5e6e3b0000-7f5e6e3b3000 r--s 00025000 08:02 5120346                    /home/leaderment/.m2/repository/commons-dbcp/commons-dbcp/1.4/commons-dbcp-1.4.jar
7f5e6e3b3000-7f5e6e3b6000 r--s 0000c000 08:02 5120321                    /home/leaderment/.m2/repository/org/springframework/spring-aspects/4.3.3.RELEASE/spring-aspects-4.3.3.RELEASE.jar
7f5e6e3b6000-7f5e6e3c0000 r--s 0006b000 08:02 5120322                    /home/leaderment/.m2/repository/org/springframework/spring-orm/4.3.3.RELEASE/spring-orm-4.3.3.RELEASE.jar
7f5e6e3c0000-7f5e6e3d1000 r--s 00099000 08:02 5120392                    /home/leaderment/.m2/repository/org/springframework/data/spring-data-commons/1.12.3.RELEASE/spring-data-commons-1.12.3.RELEASE.jar
7f5e6e3d1000-7f5e6e3d8000 r--s 0003e000 08:02 5120319                    /home/leaderment/.m2/repository/org/springframework/data/spring-data-jpa/1.10.3.RELEASE/spring-data-jpa-1.10.3.RELEASE.jar
7f5e6e3d8000-7f5e6e3da000 r--s 00006000 08:02 5120327                    /home/leaderment/.m2/repository/javax/transaction/javax.transaction-api/1.2/javax.transaction-api-1.2.jar
7f5e6e3da000-7f5e6e3e7000 r--s 00089000 08:02 5120333                    /home/leaderment/.m2/repository/org/hibernate/hibernate-entitymanager/5.0.11.Final/hibernate-entitymanager-5.0.11.Final.jar
7f5e6e3e7000-7f5e6e3ea000 r--s 00010000 08:02 5120325                    /home/leaderment/.m2/repository/org/hibernate/common/hibernate-commons-annotations/5.0.1.Final/hibernate-commons-annotations-5.0.1.Final.jar
7f5e6e3ea000-7f5e6e3ed000 r--s 0002b000 08:02 5120324                    /home/leaderment/.m2/repository/org/jboss/jandex/2.0.0.Final/jandex-2.0.0.Final.jar
7f5e6e3ed000-7f5e6e3f2000 r--s 00068000 08:02 1442306                    /home/leaderment/.m2/repository/antlr/antlr/2.7.7/antlr-2.7.7.jar
7f5e6e3f2000-7f5e6e3fc000 r--s 000ae000 08:02 5120323                    /home/leaderment/.m2/repository/org/javassist/javassist/3.20.0-GA/javassist-3.20.0-GA.jar
7f5e6e3fc000-7f5e6e401000 r--s 00017000 08:02 5120338                    /home/leaderment/.m2/repository/org/hibernate/javax/persistence/hibernate-jpa-2.1-api/1.0.0.Final/hibernate-jpa-2.1-api-1.0.0.Final.jar
7f5e6e401000-7f5e6e46a000 r--s 004f3000 08:02 1448736                    /home/leaderment/.m2/repository/org/hibernate/hibernate-core/5.0.11.Final/hibernate-core-5.0.11.Final.jar
7f5e6e46a000-7f5e6e46b000 r--s 00000000 08:02 5120317                    /home/leaderment/.m2/repository/org/springframework/boot/spring-boot-starter-aop/1.4.1.RELEASE/spring-boot-starter-aop-1.4.1.RELEASE.jar
7f5e6e46b000-7f5e6e46c000 r--s 00000000 08:02 5120314                    /home/leaderment/.m2/repository/org/springframework/boot/spring-boot-starter-data-jpa/1.4.1.RELEASE/spring-boot-starter-data-jpa-1.4.1.RELEASE.jar
7f5e6e46c000-7f5e6e474000 r--s 0003a000 08:02 5120313                    /home/leaderment/.m2/repository/org/springframework/spring-tx/4.3.3.RELEASE/spring-tx-4.3.3.RELEASE.jar
7f5e6e474000-7f5e6e47e000 r--s 0005f000 08:02 5120336                    /home/leaderment/.m2/repository/org/springframework/spring-jdbc/4.3.3.RELEASE/spring-jdbc-4.3.3.RELEASE.jar
7f5e6e47e000-7f5e6e480000 r--s 00009000 08:02 5120308                    /home/leaderment/.m2/repository/org/apache/tomcat/tomcat-juli/8.5.5/tomcat-juli-8.5.5.jar
7f5e6e480000-7f5e6e482000 r--s 00020000 08:02 5120306                    /home/leaderment/.m2/repository/org/apache/tomcat/tomcat-jdbc/8.5.5/tomcat-jdbc-8.5.5.jar
7f5e6e482000-7f5e6e483000 r--s 00000000 08:02 4861479                    /home/leaderment/.m2/repository/org/springframework/boot/spring-boot-starter-jdbc/1.4.1.RELEASE/spring-boot-starter-jdbc-1.4.1.RELEASE.jar
7f5e6e483000-7f5e6e485000 r--s 0000c000 08:02 5120305                    /home/leaderment/.m2/repository/org/mybatis/mybatis-spring/1.3.2/mybatis-spring-1.3.2.jar
7f5e6e485000-7f5e6e49f000 r--s 00173000 08:02 5120303                    /home/leaderment/.m2/repository/org/mybatis/mybatis/3.4.6/mybatis-3.4.6.jar
7f5e6e49f000-7f5e6e4a0000 r--s 00003000 08:02 5120289                    /home/leaderment/.m2/repository/org/mybatis/spring/boot/mybatis-spring-boot-autoconfigure/1.3.2/mybatis-spring-boot-autoconfigure-1.3.2.jar
7f5e6e4a0000-7f5e6e4a1000 r--s 00000000 08:02 5120285                    /home/leaderment/.m2/repository/org/mybatis/spring/boot/mybatis-spring-boot-starter/1.3.2/mybatis-spring-boot-starter-1.3.2.jar
7f5e6e4a1000-7f5e6e4a3000 r--s 00005000 08:02 1311591                    /home/leaderment/.m2/repository/xpp3/xpp3_min/1.1.4c/xpp3_min-1.1.4c.jar
7f5e6e4a3000-7f5e6e4a4000 r--s 00001000 08:02 1311590                    /home/leaderment/.m2/repository/xmlpull/xmlpull/1.1.3.1/xmlpull-1.1.3.1.jar
7f5e6e4a4000-7f5e6e4b2000 r--s 00079000 08:02 1575776                    /home/leaderment/.m2/repository/com/thoughtworks/xstream/xstream/1.4.9/xstream-1.4.9.jar
7f5e6e4b2000-7f5e6e4b4000 r--s 00003000 08:02 1575836                    /home/leaderment/.m2/repository/com/netflix/ribbon/ribbon-eureka/2.2.2/ribbon-eureka-2.2.2.jar
7f5e6e4b4000-7f5e6e4cc000 r--s 000fd000 08:02 1575820                    /home/leaderment/.m2/repository/io/reactivex/rxjava/1.1.10/rxjava-1.1.10.jar
7f5e6e4cc000-7f5e6e4ce000 r--s 00002000 08:02 1442290                    /home/leaderment/.m2/repository/com/netflix/netflix-commons/netflix-statistics/0.1.1/netflix-statistics-0.1.1.jar
7f5e6e4ce000-7f5e6e4d2000 r--s 00024000 08:02 1575847                    /home/leaderment/.m2/repository/com/netflix/ribbon/ribbon-loadbalancer/2.2.2/ribbon-loadbalancer-2.2.2.jar
7f5e6e4d2000-7f5e6e4d3000 r--s 00001000 08:02 1442360                    /home/leaderment/.m2/repository/com/netflix/netflix-commons/netflix-commons-util/0.1.1/netflix-commons-util-0.1.1.jar
7f5e6e4d3000-7f5e6e4d5000 r--s 0000c000 08:02 1575823                    /home/leaderment/.m2/repository/com/netflix/ribbon/ribbon-httpclient/2.2.2/ribbon-httpclient-2.2.2.jar
7f5e6e4d5000-7f5e6e4d9000 r--s 00011000 08:02 1575845                    /home/leaderment/.m2/repository/com/netflix/ribbon/ribbon-core/2.2.2/ribbon-core-2.2.2.jar
7f5e6e4d9000-7f5e6e4e0000 r--s 00047000 08:02 1575832                    /home/leaderment/.m2/repository/io/netty/netty-transport/4.0.27.Final/netty-transport-4.0.27.Final.jar
7f5e6e4e0000-7f5e6e4e2000 r--s 00027000 08:02 1575839                    /home/leaderment/.m2/repository/io/netty/netty-buffer/4.0.27.Final/netty-buffer-4.0.27.Final.jar
7f5e6e4e2000-7f5e6e4e9000 r--s 00060000 08:02 1575788                    /home/leaderment/.m2/repository/io/netty/netty-common/4.0.27.Final/netty-common-4.0.27.Final.jar
7f5e6e4e9000-7f5e6e4eb000 r--s 00016000 08:02 1575827                    /home/leaderment/.m2/repository/io/netty/netty-transport-native-epoll/4.0.27.Final/netty-transport-native-epoll-4.0.27.Final.jar
7f5e6e4eb000-7f5e6e4f0000 r--s 00036000 08:02 1575831                    /home/leaderment/.m2/repository/io/netty/netty-handler/4.0.27.Final/netty-handler-4.0.27.Final.jar
7f5e6e4f0000-7f5e6e4f4000 r--s 00020000 08:02 1575837                    /home/leaderment/.m2/repository/io/netty/netty-codec/4.0.27.Final/netty-codec-4.0.27.Final.jar
7f5e6e4f4000-7f5e6e4fc000 r--s 00061000 08:02 1575821                    /home/leaderment/.m2/repository/io/netty/netty-codec-http/4.0.27.Final/netty-codec-http-4.0.27.Final.jar
7f5e6e4fc000-7f5e6e506000 r--s 00059000 08:02 1442370                    /home/leaderment/.m2/repository/io/reactivex/rxnetty/0.4.9/rxnetty-0.4.9.jar
7f5e6e506000-7f5e6e508000 r--s 0001a000 08:02 1442366                    /home/leaderment/.m2/repository/org/hdrhistogram/HdrHistogram/2.1.9/HdrHistogram-2.1.9.jar
7f5e6e508000-7f5e6e514000 r--s 00068000 08:02 1442303                    /home/leaderment/.m2/repository/com/netflix/hystrix/hystrix-core/1.5.12/hystrix-core-1.5.12.jar
7f5e6e514000-7f5e6e516000 r--s 00006000 08:02 1442347                    /home/leaderment/.m2/repository/io/reactivex/rxnetty-servo/0.4.9/rxnetty-servo-0.4.9.jar
7f5e6e516000-7f5e6e519000 r--s 0000b000 08:02 1442363                    /home/leaderment/.m2/repository/io/reactivex/rxnetty-contexts/0.4.9/rxnetty-contexts-0.4.9.jar
7f5e6e519000-7f5e6e51a000 r--s 00009000 08:02 1575815                    /home/leaderment/.m2/repository/com/netflix/ribbon/ribbon-transport/2.2.2/ribbon-transport-2.2.2.jar
7f5e6e51a000-7f5e6e51e000 r--s 00012000 08:02 1446550                    /home/leaderment/.m2/repository/com/netflix/ribbon/ribbon/2.2.2/ribbon-2.2.2.jar
7f5e6e51e000-7f5e6e51f000 r--s 00000000 08:02 5120284                    /home/leaderment/.m2/repository/org/springframework/cloud/spring-cloud-starter-ribbon/1.3.1.RELEASE/spring-cloud-starter-ribbon-1.3.1.RELEASE.jar
7f5e6e51f000-7f5e6e524000 r--s 00041000 08:02 1442374                    /home/leaderment/.m2/repository/commons-lang/commons-lang/2.6/commons-lang-2.6.jar
7f5e6e524000-7f5e6e52b000 r--s 00050000 08:02 1442312                    /home/leaderment/.m2/repository/commons-configuration/commons-configuration/1.8/commons-configuration-1.8.jar
7f5e6e52b000-7f5e6e52c000 r--s 00000000 08:02 5120286                    /home/leaderment/.m2/repository/org/springframework/cloud/spring-cloud-starter-archaius/1.3.1.RELEASE/spring-cloud-starter-archaius-1.3.1.RELEASE.jar
7f5e6e52c000-7f5e6e530000 r--s 00024000 08:02 1442351                    /home/leaderment/.m2/repository/org/codehaus/woodstox/stax2-api/3.1.4/stax2-api-3.1.4.jar
7f5e6e530000-7f5e6e532000 r--s 00004000 08:02 1442342                    /home/leaderment/.m2/repository/javax/xml/stream/stax-api/1.0-2/stax-api-1.0-2.jar
7f5e6e532000-7f5e6e538000 r--s 00071000 08:02 1442331                    /home/leaderment/.m2/repository/org/codehaus/woodstox/woodstox-core-asl/4.4.1/woodstox-core-asl-4.4.1.jar
7f5e6e538000-7f5e6e53d000 r--s 00039000 08:02 5120293                    /home/leaderment/.m2/repository/com/netflix/eureka/eureka-core/1.6.2/eureka-core-1.6.2.jar
7f5e6e53d000-7f5e6e53f000 r--s 00000000 08:02 1312419                    /home/leaderment/.m2/repository/aopalliance/aopalliance/1.0/aopalliance-1.0.jar
7f5e6e53f000-7f5e6e54d000 r--s 00097000 08:02 1442330                    /home/leaderment/.m2/repository/com/google/inject/guice/4.1.0/guice-4.1.0.jar
7f5e6e54d000-7f5e6e554000 r--s 00049000 08:02 5120290                    /home/leaderment/.m2/repository/org/apache/httpcomponents/httpcore/4.4.5/httpcore-4.4.5.jar
7f5e6e554000-7f5e6e561000 r--s 000a7000 08:02 5120417                    /home/leaderment/.m2/repository/org/apache/httpcomponents/httpclient/4.5.2/httpclient-4.5.2.jar
7f5e6e561000-7f5e6e563000 r--s 00003000 08:02 1442322                    /home/leaderment/.m2/repository/com/sun/jersey/contribs/jersey-apache-client4/1.19.1/jersey-apache-client4-1.19.1.jar
7f5e6e563000-7f5e6e566000 r--s 0001e000 08:02 1442284                    /home/leaderment/.m2/repository/com/sun/jersey/jersey-client/1.19.1/jersey-client-1.19.1.jar
7f5e6e566000-7f5e6e570000 r--s 00061000 08:02 1442355                    /home/leaderment/.m2/repository/com/sun/jersey/jersey-core/1.19.1/jersey-core-1.19.1.jar
7f5e6e570000-7f5e6e574000 r--s 00027000 08:02 1442324                    /home/leaderment/.m2/repository/com/netflix/servo/servo-internal/0.10.1/servo-internal-0.10.1.jar
7f5e6e574000-7f5e6e579000 r--s 00032000 08:02 1442328                    /home/leaderment/.m2/repository/com/netflix/servo/servo-core/0.10.1/servo-core-0.10.1.jar
7f5e6e579000-7f5e6e57b000 r--s 0000a000 08:02 1442340                    /home/leaderment/.m2/repository/javax/ws/rs/jsr311-api/1.1.1/jsr311-api-1.1.1.jar
7f5e6e57b000-7f5e6e57f000 r--s 0001e000 08:02 1442293                    /home/leaderment/.m2/repository/com/netflix/archaius/archaius-core/0.7.4/archaius-core-0.7.4.jar
7f5e6e57f000-7f5e6e592000 r--s 000df000 08:02 1442314                    /home/leaderment/.m2/repository/org/apache/commons/commons-math/2.2/commons-math-2.2.jar
7f5e6e592000-7f5e6e597000 r--s 00034000 08:02 5120411                    /home/leaderment/.m2/repository/com/google/code/gson/gson/2.7/gson-2.7.jar
7f5e6e597000-7f5e6e59a000 r--s 00022000 08:02 1442304                    /home/leaderment/.m2/repository/org/antlr/stringtemplate/3.2.1/stringtemplate-3.2.1.jar
7f5e6e59a000-7f5e6e59e000 r--s 00025000 08:02 1442285                    /home/leaderment/.m2/repository/org/antlr/antlr-runtime/3.4/antlr-runtime-3.4.jar
7f5e6e59e000-7f5e6e5af000 r--s 00089000 08:02 5120266                    /home/leaderment/.m2/repository/joda-time/joda-time/2.9.4/joda-time-2.9.4.jar
7f5e6e5af000-7f5e6e5b5000 r--s 00044000 08:02 1442300                    /home/leaderment/.m2/repository/commons-jxpath/commons-jxpath/1.3/commons-jxpath-1.3.jar
7f5e6e5b5000-7f5e6e5b8000 r--s 00016000 08:02 1442299                    /home/leaderment/.m2/repository/com/netflix/netflix-commons/netflix-infix/0.3.0/netflix-infix-0.3.0.jar
7f5e6e5b8000-7f5e6e5ba000 r--s 0000f000 08:02 1442296                    /home/leaderment/.m2/repository/com/netflix/netflix-commons/netflix-eventbus/0.3.0/netflix-eventbus-0.3.0.jar
7f5e6e5ba000-7f5e6e5bc000 r--s 00005000 08:02 1442294                    /home/leaderment/.m2/repository/stax/stax-api/1.0.1/stax-api-1.0.1.jar
7f5e6e5bc000-7f5e6e5bf000 r--s 00012000 08:02 1442292                    /home/leaderment/.m2/repository/org/codehaus/jettison/jettison/1.3.7/jettison-1.3.7.jar
7f5e6e5bf000-7f5e6e5c8000 r--s 0005b000 08:02 5120280                    /home/leaderment/.m2/repository/com/netflix/eureka/eureka-client/1.6.2/eureka-client-1.6.2.jar
7f5e6e5c8000-7f5e6e5cb000 r--s 00011000 08:02 5120267                    /home/leaderment/.m2/repository/org/springframework/cloud/spring-cloud-netflix-eureka-client/1.3.1.RELEASE/spring-cloud-netflix-eureka-client-1.3.1.RELEASE.jar
7f5e6e5cb000-7f5e6e5d5000 r--s 00055000 08:02 5120282                    /home/leaderment/.m2/repository/org/springframework/cloud/spring-cloud-netflix-core/1.3.1.RELEASE/spring-cloud-netflix-core-1.3.1.RELEASE.jar
7f5e6e5d5000-7f5e6e61f000 r--s 002f4000 08:02 1442282                    /home/leaderment/.m2/repository/org/bouncycastle/bcprov-jdk15on/1.55/bcprov-jdk15on-1.55.jar
7f5e6e61f000-7f5e6e620000 ---p 00000000 00:00 0 
7f5e6e620000-7f5e6e720000 rw-p 00000000 00:00 0 
7f5e6e720000-7f5e6e723000 ---p 00000000 00:00 0 
7f5e6e723000-7f5e6e821000 rw-p 00000000 00:00 0 
7f5e6e821000-7f5e6e822000 ---p 00000000 00:00 0 
7f5e6e822000-7f5e6e825000 ---p 00000000 00:00 0 
7f5e6e825000-7f5e6e922000 rw-p 00000000 00:00 0 
7f5e6e922000-7f5e6e923000 ---p 00000000 00:00 0 
7f5e6e923000-7f5e6e926000 ---p 00000000 00:00 0 
7f5e6e926000-7f5e6ea23000 rw-p 00000000 00:00 0 
7f5e6ea23000-7f5e6ea24000 ---p 00000000 00:00 0 
7f5e6ea24000-7f5e6ea27000 ---p 00000000 00:00 0 
7f5e6ea27000-7f5e6eb24000 rw-p 00000000 00:00 0 
7f5e6eb24000-7f5e6eb27000 ---p 00000000 00:00 0 
7f5e6eb27000-7f5e6ec25000 rw-p 00000000 00:00 0 
7f5e6ec25000-7f5e6f5f6000 r--p 00000000 08:02 3414620                    /usr/lib/locale/locale-archive
7f5e6f5f6000-7f5e6f5f9000 ---p 00000000 00:00 0 
7f5e6f5f9000-7f5e6f6f7000 rw-p 00000000 00:00 0 
7f5e6f6f7000-7f5e6f6fa000 ---p 00000000 00:00 0 
7f5e6f6fa000-7f5e6f7f8000 rw-p 00000000 00:00 0 
7f5e6f7f8000-7f5e6f7f9000 ---p 00000000 00:00 0 
7f5e6f7f9000-7f5e70000000 rw-p 00000000 00:00 0 
7f5e70000000-7f5e70021000 rw-p 00000000 00:00 0 
7f5e70021000-7f5e74000000 ---p 00000000 00:00 0 
7f5e74000000-7f5e74001000 r--s 00000000 08:02 1312415                    /home/leaderment/.m2/repository/javax/inject/javax.inject/1/javax.inject-1.jar
7f5e74001000-7f5e74002000 r--s 00000000 08:02 5120268                    /home/leaderment/.m2/repository/org/springframework/cloud/spring-cloud-starter-eureka/1.3.1.RELEASE/spring-cloud-starter-eureka-1.3.1.RELEASE.jar
7f5e74002000-7f5e74004000 r--s 00007000 08:02 5120278                    /home/leaderment/.m2/repository/org/springframework/cloud/spring-cloud-config-client/1.3.1.RELEASE/spring-cloud-config-client-1.3.1.RELEASE.jar
7f5e74004000-7f5e74015000 r--s 00096000 08:02 1442281                    /home/leaderment/.m2/repository/org/bouncycastle/bcpkix-jdk15on/1.55/bcpkix-jdk15on-1.55.jar
7f5e74015000-7f5e74016000 r--s 00004000 08:02 1442279                    /home/leaderment/.m2/repository/org/springframework/security/spring-security-rsa/1.0.3.RELEASE/spring-security-rsa-1.0.3.RELEASE.jar
7f5e74016000-7f5e7401a000 r--s 00017000 08:02 5120270                    /home/leaderment/.m2/repository/org/springframework/cloud/spring-cloud-commons/1.2.2.RELEASE/spring-cloud-commons-1.2.2.RELEASE.jar
7f5e7401a000-7f5e7401c000 r--s 0000c000 08:02 5120274                    /home/leaderment/.m2/repository/org/springframework/security/spring-security-crypto/4.1.3.RELEASE/spring-security-crypto-4.1.3.RELEASE.jar
7f5e7401c000-7f5e7401f000 r--s 00015000 08:02 5120279                    /home/leaderment/.m2/repository/org/springframework/cloud/spring-cloud-context/1.2.2.RELEASE/spring-cloud-context-1.2.2.RELEASE.jar
7f5e7401f000-7f5e74029000 r--s 000e8000 08:02 4997851                    /home/leaderment/.m2/repository/mysql/mysql-connector-java/5.1.39/mysql-connector-java-5.1.39.jar
7f5e74029000-7f5e74037000 r--s 00083000 08:02 3282804                    /home/leaderment/.m2/repository/org/springframework/spring-test/4.3.3.RELEASE/spring-test-4.3.3.RELEASE.jar
7f5e74037000-7f5e7404e000 r--s 000f9000 08:02 1312529                    /home/leaderment/.m2/repository/org/springframework/spring-core/4.3.3.RELEASE/spring-core-4.3.3.RELEASE.jar
7f5e7404e000-7f5e78000000 rw-p 00000000 00:00 0 
7f5e78000000-7f5e78021000 rw-p 00000000 00:00 0 
7f5e78021000-7f5e7c000000 ---p 00000000 00:00 0 
7f5e7c000000-7f5e7c001000 r--s 00000000 08:02 5120295                    /home/leaderment/.m2/repository/org/springframework/cloud/spring-cloud-starter/1.2.2.RELEASE/spring-cloud-starter-1.2.2.RELEASE.jar
7f5e7c001000-7f5e7c002000 r--s 00000000 08:02 4997853                    /home/leaderment/.m2/repository/org/springframework/cloud/spring-cloud-starter-config/1.3.1.RELEASE/spring-cloud-starter-config-1.3.1.RELEASE.jar
7f5e7c002000-7f5e7c003000 r--s 0000f000 08:02 3282802                    /home/leaderment/.m2/repository/org/json/json/20140107/json-20140107.jar
7f5e7c003000-7f5e7c004000 r--s 00006000 08:02 3282800                    /home/leaderment/.m2/repository/org/skyscreamer/jsonassert/1.3.0/jsonassert-1.3.0.jar
7f5e7c004000-7f5e7c020000 r--s 00103000 08:02 1311011                    /home/leaderment/.m2/repository/org/mockito/mockito-core/1.10.19/mockito-core-1.10.19.jar
7f5e7c020000-7f5e7c626000 rw-p 00000000 00:00 0 
7f5e7c626000-7f5e7c800000 r--s 03d6f000 08:02 526233                     /usr/lib/jdk/jdk1.8.0_201/jre/lib/rt.jar
7f5e7c800000-7f5e7d000000 rw-p 00000000 00:00 0 
7f5e7d000000-7f5e7e3e0000 rwxp 00000000 00:00 0 
7f5e7e3e0000-7f5e8c000000 ---p 00000000 00:00 0 
7f5e8c000000-7f5e8f9a8000 rw-p 00000000 00:00 0 
7f5e8f9a8000-7f5e90000000 ---p 00000000 00:00 0 
7f5e90000000-7f5e90001000 r--s 0000c000 08:02 1311017                    /home/leaderment/.m2/repository/org/hamcrest/hamcrest-library/1.3/hamcrest-library-1.3.jar
7f5e90001000-7f5e90003000 r--s 00009000 08:02 1311013                    /home/leaderment/.m2/repository/org/hamcrest/hamcrest-core/1.3/hamcrest-core-1.3.jar
7f5e90003000-7f5e90005000 r--s 00009000 08:02 1311007                    /home/leaderment/.m2/repository/org/objenesis/objenesis/2.1/objenesis-2.1.jar
7f5e90005000-7f5e90018000 r--s 000d2000 08:02 3282792                    /home/leaderment/.m2/repository/org/assertj/assertj-core/2.5.0/assertj-core-2.5.0.jar
7f5e90018000-7f5e90020000 r--s 00045000 08:02 1311006                    /home/leaderment/.m2/repository/junit/junit/4.12/junit-4.12.jar
7f5e90020000-7f5e90021000 r--s 0000c000 08:02 1310987                    /home/leaderment/.m2/repository/org/ow2/asm/asm/5.0.3/asm-5.0.3.jar
7f5e90021000-7f5e90024000 r--s 0001b000 08:02 1311001                    /home/leaderment/.m2/repository/net/minidev/json-smart/2.2.1/json-smart-2.2.1.jar
7f5e90024000-7f5e90029000 r--s 0002e000 08:02 1310992                    /home/leaderment/.m2/repository/com/jayway/jsonpath/json-path/2.2.0/json-path-2.2.0.jar
7f5e90029000-7f5e9002e000 r--s 00017000 08:02 3282794                    /home/leaderment/.m2/repository/org/springframework/boot/spring-boot-test-autoconfigure/1.4.1.RELEASE/spring-boot-test-autoconfigure-1.4.1.RELEASE.jar
7f5e9002e000-7f5e90033000 r--s 00020000 08:02 3282798                    /home/leaderment/.m2/repository/org/springframework/boot/spring-boot-test/1.4.1.RELEASE/spring-boot-test-1.4.1.RELEASE.jar
7f5e90033000-7f5e90038000 r--s 0003c000 08:02 1312531                    /home/leaderment/.m2/repository/org/springframework/spring-expression/4.3.3.RELEASE/spring-expression-4.3.3.RELEASE.jar
7f5e90038000-7f5e9004a000 r--s 000ce000 08:02 4997847                    /home/leaderment/.m2/repository/org/springframework/spring-webmvc/4.3.3.RELEASE/spring-webmvc-4.3.3.RELEASE.jar
7f5e9004a000-7f5e90064000 r--s 000fc000 08:02 1312538                    /home/leaderment/.m2/repository/org/springframework/spring-context/4.3.3.RELEASE/spring-context-4.3.3.RELEASE.jar
7f5e90064000-7f5e90072000 r--s 000ac000 08:02 1312551                    /home/leaderment/.m2/repository/org/springframework/spring-beans/4.3.3.RELEASE/spring-beans-4.3.3.RELEASE.jar
7f5e90072000-7f5e9007b000 r--s 00054000 08:02 1312537                    /home/leaderment/.m2/repository/org/springframework/spring-aop/4.3.3.RELEASE/spring-aop-4.3.3.RELEASE.jar
7f5e9007b000-7f5e9008d000 r--s 000b5000 08:02 4997849                    /home/leaderment/.m2/repository/org/springframework/spring-web/4.3.3.RELEASE/spring-web-4.3.3.RELEASE.jar
7f5e9008d000-7f5e90091000 r--s 00041000 08:02 4997858                    /home/leaderment/.m2/repository/com/fasterxml/jackson/core/jackson-core/2.8.3/jackson-core-2.8.3.jar
7f5e90091000-7f5e900a3000 r--s 0011c000 08:02 4997845                    /home/leaderment/.m2/repository/com/fasterxml/jackson/core/jackson-databind/2.8.3/jackson-databind-2.8.3.jar
7f5e900a3000-7f5e900b3000 r--s 0009c000 08:02 4861477                    /home/leaderment/.m2/repository/org/hibernate/hibernate-validator/5.2.4.Final/hibernate-validator-5.2.4.Final.jar
7f5e900b3000-7f5e900db000 r--s 002b1000 08:02 1448729                    /home/leaderment/.m2/repository/org/apache/tomcat/embed/tomcat-embed-core/8.5.5/tomcat-embed-core-8.5.5.jar
7f5e900db000-7f5e9052c000 rw-p 00000000 00:00 0 
7f5e9052c000-7f5e9052d000 ---p 00000000 00:00 0 
7f5e9052d000-7f5e9062d000 rw-p 00000000 00:00 0 
7f5e9062d000-7f5e9062e000 ---p 00000000 00:00 0 
7f5e9062e000-7f5e9072e000 rw-p 00000000 00:00 0 
7f5e9072e000-7f5e9072f000 ---p 00000000 00:00 0 
7f5e9072f000-7f5e9082f000 rw-p 00000000 00:00 0 
7f5e9082f000-7f5e90830000 ---p 00000000 00:00 0 
7f5e90830000-7f5e9095a000 rw-p 00000000 00:00 0 
7f5e9095a000-7f5e90bc2000 ---p 00000000 00:00 0 
7f5e90bc2000-7f5e90bec000 rw-p 00000000 00:00 0 
7f5e90bec000-7f5e90e54000 ---p 00000000 00:00 0 
7f5e90e54000-7f5e90f36000 rw-p 00000000 00:00 0 
7f5e90f36000-7f5e90f9d000 ---p 00000000 00:00 0 
7f5e90f9d000-7f5e90fee000 rw-p 00000000 00:00 0 
7f5e90fee000-7f5e9135e000 ---p 00000000 00:00 0 
7f5e9135e000-7f5e91379000 r-xp 00000000 08:02 526446                     /usr/lib/jdk/jdk1.8.0_201/jre/lib/amd64/libzip.so
7f5e91379000-7f5e91578000 ---p 0001b000 08:02 526446                     /usr/lib/jdk/jdk1.8.0_201/jre/lib/amd64/libzip.so
7f5e91578000-7f5e91579000 r--p 0001a000 08:02 526446                     /usr/lib/jdk/jdk1.8.0_201/jre/lib/amd64/libzip.so
7f5e91579000-7f5e9157a000 rw-p 0001b000 08:02 526446                     /usr/lib/jdk/jdk1.8.0_201/jre/lib/amd64/libzip.so
7f5e9157a000-7f5e91585000 r-xp 00000000 08:02 6034277                    /lib/x86_64-linux-gnu/libnss_files-2.27.so
7f5e91585000-7f5e91784000 ---p 0000b000 08:02 6034277                    /lib/x86_64-linux-gnu/libnss_files-2.27.so
7f5e91784000-7f5e91785000 r--p 0000a000 08:02 6034277                    /lib/x86_64-linux-gnu/libnss_files-2.27.so
7f5e91785000-7f5e91786000 rw-p 0000b000 08:02 6034277                    /lib/x86_64-linux-gnu/libnss_files-2.27.so
7f5e91786000-7f5e9178c000 rw-p 00000000 00:00 0 
7f5e9178c000-7f5e917a3000 r-xp 00000000 08:02 6034271                    /lib/x86_64-linux-gnu/libnsl-2.27.so
7f5e917a3000-7f5e919a2000 ---p 00017000 08:02 6034271                    /lib/x86_64-linux-gnu/libnsl-2.27.so
7f5e919a2000-7f5e919a3000 r--p 00016000 08:02 6034271                    /lib/x86_64-linux-gnu/libnsl-2.27.so
7f5e919a3000-7f5e919a4000 rw-p 00017000 08:02 6034271                    /lib/x86_64-linux-gnu/libnsl-2.27.so
7f5e919a4000-7f5e919a6000 rw-p 00000000 00:00 0 
7f5e919a6000-7f5e919b1000 r-xp 00000000 08:02 6034288                    /lib/x86_64-linux-gnu/libnss_nis-2.27.so
7f5e919b1000-7f5e91bb0000 ---p 0000b000 08:02 6034288                    /lib/x86_64-linux-gnu/libnss_nis-2.27.so
7f5e91bb0000-7f5e91bb1000 r--p 0000a000 08:02 6034288                    /lib/x86_64-linux-gnu/libnss_nis-2.27.so
7f5e91bb1000-7f5e91bb2000 rw-p 0000b000 08:02 6034288                    /lib/x86_64-linux-gnu/libnss_nis-2.27.so
7f5e91bb2000-7f5e91bba000 r-xp 00000000 08:02 6034273                    /lib/x86_64-linux-gnu/libnss_compat-2.27.so
7f5e91bba000-7f5e91dba000 ---p 00008000 08:02 6034273                    /lib/x86_64-linux-gnu/libnss_compat-2.27.so
7f5e91dba000-7f5e91dbb000 r--p 00008000 08:02 6034273                    /lib/x86_64-linux-gnu/libnss_compat-2.27.so
7f5e91dbb000-7f5e91dbc000 rw-p 00009000 08:02 6034273                    /lib/x86_64-linux-gnu/libnss_compat-2.27.so
7f5e91dbc000-7f5e91de8000 r-xp 00000000 08:02 526440                     /usr/lib/jdk/jdk1.8.0_201/jre/lib/amd64/libjava.so
7f5e91de8000-7f5e91fe8000 ---p 0002c000 08:02 526440                     /usr/lib/jdk/jdk1.8.0_201/jre/lib/amd64/libjava.so
7f5e91fe8000-7f5e91fe9000 r--p 0002c000 08:02 526440                     /usr/lib/jdk/jdk1.8.0_201/jre/lib/amd64/libjava.so
7f5e91fe9000-7f5e91feb000 rw-p 0002d000 08:02 526440                     /usr/lib/jdk/jdk1.8.0_201/jre/lib/amd64/libjava.so
7f5e91feb000-7f5e91ff8000 r-xp 00000000 08:02 526445                     /usr/lib/jdk/jdk1.8.0_201/jre/lib/amd64/libverify.so
7f5e91ff8000-7f5e921f7000 ---p 0000d000 08:02 526445                     /usr/lib/jdk/jdk1.8.0_201/jre/lib/amd64/libverify.so
7f5e921f7000-7f5e921f9000 r--p 0000c000 08:02 526445                     /usr/lib/jdk/jdk1.8.0_201/jre/lib/amd64/libverify.so
7f5e921f9000-7f5e921fa000 rw-p 0000e000 08:02 526445                     /usr/lib/jdk/jdk1.8.0_201/jre/lib/amd64/libverify.so
7f5e921fa000-7f5e92201000 r-xp 00000000 08:02 6034328                    /lib/x86_64-linux-gnu/librt-2.27.so
7f5e92201000-7f5e92400000 ---p 00007000 08:02 6034328                    /lib/x86_64-linux-gnu/librt-2.27.so
7f5e92400000-7f5e92401000 r--p 00006000 08:02 6034328                    /lib/x86_64-linux-gnu/librt-2.27.so
7f5e92401000-7f5e92402000 rw-p 00007000 08:02 6034328                    /lib/x86_64-linux-gnu/librt-2.27.so
7f5e92402000-7f5e9259f000 r-xp 00000000 08:02 6034250                    /lib/x86_64-linux-gnu/libm-2.27.so
7f5e9259f000-7f5e9279e000 ---p 0019d000 08:02 6034250                    /lib/x86_64-linux-gnu/libm-2.27.so
7f5e9279e000-7f5e9279f000 r--p 0019c000 08:02 6034250                    /lib/x86_64-linux-gnu/libm-2.27.so
7f5e9279f000-7f5e927a0000 rw-p 0019d000 08:02 6034250                    /lib/x86_64-linux-gnu/libm-2.27.so
7f5e927a0000-7f5e93488000 r-xp 00000000 08:02 526422                     /usr/lib/jdk/jdk1.8.0_201/jre/lib/amd64/server/libjvm.so
7f5e93488000-7f5e93687000 ---p 00ce8000 08:02 526422                     /usr/lib/jdk/jdk1.8.0_201/jre/lib/amd64/server/libjvm.so
7f5e93687000-7f5e9371d000 r--p 00ce7000 08:02 526422                     /usr/lib/jdk/jdk1.8.0_201/jre/lib/amd64/server/libjvm.so
7f5e9371d000-7f5e9374e000 rw-p 00d7d000 08:02 526422                     /usr/lib/jdk/jdk1.8.0_201/jre/lib/amd64/server/libjvm.so
7f5e9374e000-7f5e93789000 rw-p 00000000 00:00 0 
7f5e93789000-7f5e93970000 r-xp 00000000 08:02 6034187                    /lib/x86_64-linux-gnu/libc-2.27.so
7f5e93970000-7f5e93b70000 ---p 001e7000 08:02 6034187                    /lib/x86_64-linux-gnu/libc-2.27.so
7f5e93b70000-7f5e93b74000 r--p 001e7000 08:02 6034187                    /lib/x86_64-linux-gnu/libc-2.27.so
7f5e93b74000-7f5e93b76000 rw-p 001eb000 08:02 6034187                    /lib/x86_64-linux-gnu/libc-2.27.so
7f5e93b76000-7f5e93b7a000 rw-p 00000000 00:00 0 
7f5e93b7a000-7f5e93b7d000 r-xp 00000000 08:02 6034210                    /lib/x86_64-linux-gnu/libdl-2.27.so
7f5e93b7d000-7f5e93d7c000 ---p 00003000 08:02 6034210                    /lib/x86_64-linux-gnu/libdl-2.27.so
7f5e93d7c000-7f5e93d7d000 r--p 00002000 08:02 6034210                    /lib/x86_64-linux-gnu/libdl-2.27.so
7f5e93d7d000-7f5e93d7e000 rw-p 00003000 08:02 6034210                    /lib/x86_64-linux-gnu/libdl-2.27.so
7f5e93d7e000-7f5e93d95000 r-xp 00000000 08:02 526417                     /usr/lib/jdk/jdk1.8.0_201/jre/lib/amd64/jli/libjli.so
7f5e93d95000-7f5e93f94000 ---p 00017000 08:02 526417                     /usr/lib/jdk/jdk1.8.0_201/jre/lib/amd64/jli/libjli.so
7f5e93f94000-7f5e93f95000 r--p 00016000 08:02 526417                     /usr/lib/jdk/jdk1.8.0_201/jre/lib/amd64/jli/libjli.so
7f5e93f95000-7f5e93f96000 rw-p 00017000 08:02 526417                     /usr/lib/jdk/jdk1.8.0_201/jre/lib/amd64/jli/libjli.so
7f5e93f96000-7f5e93fb0000 r-xp 00000000 08:02 6034320                    /lib/x86_64-linux-gnu/libpthread-2.27.so
7f5e93fb0000-7f5e941af000 ---p 0001a000 08:02 6034320                    /lib/x86_64-linux-gnu/libpthread-2.27.so
7f5e941af000-7f5e941b0000 r--p 00019000 08:02 6034320                    /lib/x86_64-linux-gnu/libpthread-2.27.so
7f5e941b0000-7f5e941b1000 rw-p 0001a000 08:02 6034320                    /lib/x86_64-linux-gnu/libpthread-2.27.so
7f5e941b1000-7f5e941b5000 rw-p 00000000 00:00 0 
7f5e941b5000-7f5e941dc000 r-xp 00000000 08:02 6034159                    /lib/x86_64-linux-gnu/ld-2.27.so
7f5e941dc000-7f5e941de000 r--s 00012000 08:02 1311004                    /home/leaderment/.m2/repository/net/minidev/accessors-smart/1.1/accessors-smart-1.1.jar
7f5e941de000-7f5e941df000 r--s 00000000 08:02 3282796                    /home/leaderment/.m2/repository/org/springframework/boot/spring-boot-starter-test/1.4.1.RELEASE/spring-boot-starter-test-1.4.1.RELEASE.jar
7f5e941df000-7f5e941e2000 r--s 0000b000 08:02 4997842                    /home/leaderment/.m2/repository/com/fasterxml/jackson/core/jackson-annotations/2.8.3/jackson-annotations-2.8.3.jar
7f5e941e2000-7f5e941e4000 r--s 0000f000 08:02 1575773                    /home/leaderment/.m2/repository/org/jboss/logging/jboss-logging/3.3.0.Final/jboss-logging-3.3.0.Final.jar
7f5e941e4000-7f5e941e8000 r--s 0000c000 08:02 1310975                    /home/leaderment/.m2/repository/javax/validation/validation-api/1.1.0.Final/validation-api-1.1.0.Final.jar
7f5e941e8000-7f5e942b9000 rw-p 00000000 00:00 0 
7f5e942b9000-7f5e942ba000 ---p 00000000 00:00 0 
7f5e942ba000-7f5e942bd000 ---p 00000000 00:00 0 
7f5e942bd000-7f5e943be000 rw-p 00000000 00:00 0 
7f5e943be000-7f5e943c3000 r--s 00036000 08:02 4861475                    /home/leaderment/.m2/repository/org/apache/tomcat/embed/tomcat-embed-websocket/8.5.5/tomcat-embed-websocket-8.5.5.jar
7f5e943c3000-7f5e943c8000 r--s 00036000 08:02 1448733                    /home/leaderment/.m2/repository/org/apache/tomcat/embed/tomcat-embed-el/8.5.5/tomcat-embed-el-8.5.5.jar
7f5e943c8000-7f5e943c9000 r--s 00000000 08:02 1448731                    /home/leaderment/.m2/repository/org/springframework/boot/spring-boot-starter-tomcat/1.4.1.RELEASE/spring-boot-starter-tomcat-1.4.1.RELEASE.jar
7f5e943c9000-7f5e943ca000 r--s 00000000 08:02 1312544                    /home/leaderment/.m2/repository/org/springframework/boot/spring-boot-starter-web/1.4.1.RELEASE/spring-boot-starter-web-1.4.1.RELEASE.jar
7f5e943ca000-7f5e943cf000 r--s 00020000 08:02 1312987                    /home/leaderment/.m2/repository/org/apache/maven/surefire/surefire-api/2.18.1/surefire-api-2.18.1.jar
7f5e943cf000-7f5e943d1000 r--s 00008000 08:02 1312978                    /home/leaderment/.m2/repository/org/apache/maven/surefire/surefire-booter/2.18.1/surefire-booter-2.18.1.jar
7f5e943d1000-7f5e943d2000 r--s 00005000 08:02 4339672                    /home/leaderment/idea-workspace/new/sales-plan/target/surefire/surefirebooter1702978323452583611.jar
7f5e943d2000-7f5e943da000 rw-s 00000000 08:02 3682194                    /tmp/hsperfdata_leaderment/1260
7f5e943da000-7f5e943db000 rw-p 00000000 00:00 0 
7f5e943db000-7f5e943dc000 ---p 00000000 00:00 0 
7f5e943dc000-7f5e943dd000 r--p 00027000 08:02 6034159                    /lib/x86_64-linux-gnu/ld-2.27.so
7f5e943dd000-7f5e943de000 rw-p 00028000 08:02 6034159                    /lib/x86_64-linux-gnu/ld-2.27.so
7f5e943de000-7f5e943df000 rw-p 00000000 00:00 0 
7ffeab31b000-7ffeab33d000 rw-p 00000000 00:00 0                          [stack]
7ffeab3ed000-7ffeab3f0000 r--p 00000000 00:00 0                          [vvar]
7ffeab3f0000-7ffeab3f2000 r-xp 00000000 00:00 0                          [vdso]
ffffffffff600000-ffffffffff601000 r-xp 00000000 00:00 0                  [vsyscall]

VM Arguments:
java_command: /home/leaderment/idea-workspace/new/sales-plan/target/surefire/surefirebooter1702978323452583611.jar /home/leaderment/idea-workspace/new/sales-plan/target/surefire/surefire4329449849591857483tmp /home/leaderment/idea-workspace/new/sales-plan/target/surefire/surefire_01006704138918926998tmp
java_class_path (initial): /home/leaderment/idea-workspace/new/sales-plan/target/surefire/surefirebooter1702978323452583611.jar
Launcher Type: SUN_STANDARD

Environment Variables:
JAVA_HOME=/usr/lib/jdk/jdk1.8.0_201
JRE_HOME=/usr/lib/jdk/jdk1.8.0_201/jre
CLASSPATH=/home/leaderment/softSetPath/idea-IU-191.6707.61/lib/bootstrap.jar:/home/leaderment/softSetPath/idea-IU-191.6707.61/lib/extensions.jar:/home/leaderment/softSetPath/idea-IU-191.6707.61/lib/util.jar:/home/leaderment/softSetPath/idea-IU-191.6707.61/lib/jdom.jar:/home/leaderment/softSetPath/idea-IU-191.6707.61/lib/log4j.jar:/home/leaderment/softSetPath/idea-IU-191.6707.61/lib/trove4j.jar:/home/leaderment/softSetPath/idea-IU-191.6707.61/lib/jna.jar:/home/leaderment/softSetPath/idea-IU-191.6707.61/jre64/lib/tools.jar
PATH=/usr/lib/jdk/jdk1.8.0_201/bin:/usr/local/sbin:/usr/local/bin:/usr/sbin:/usr/bin:/sbin:/bin:/usr/games:/usr/local/games:/snap/bin:/home/bee/user/software/Maven/apache-maven-3.6.0/bin
USERNAME=leaderment
SHELL=/bin/bash
DISPLAY=:0

Signal Handlers:
SIGSEGV: [libjvm.so+0xad3e60], sa_mask[0]=11111111011111111101111111111110, sa_flags=SA_RESTART|SA_SIGINFO
SIGBUS: [libjvm.so+0xad3e60], sa_mask[0]=11111111011111111101111111111110, sa_flags=SA_RESTART|SA_SIGINFO
SIGFPE: [libjvm.so+0x90b880], sa_mask[0]=11111111011111111101111111111110, sa_flags=SA_RESTART|SA_SIGINFO
SIGPIPE: [libjvm.so+0x90b880], sa_mask[0]=11111111011111111101111111111110, sa_flags=SA_RESTART|SA_SIGINFO
SIGXFSZ: [libjvm.so+0x90b880], sa_mask[0]=11111111011111111101111111111110, sa_flags=SA_RESTART|SA_SIGINFO
SIGILL: [libjvm.so+0x90b880], sa_mask[0]=11111111011111111101111111111110, sa_flags=SA_RESTART|SA_SIGINFO
SIGUSR1: SIG_DFL, sa_mask[0]=00000000000000000000000000000000, sa_flags=none
SIGUSR2: [libjvm.so+0x90b750], sa_mask[0]=00100000000000000000000000000000, sa_flags=SA_RESTART|SA_SIGINFO
SIGHUP: [libjvm.so+0x90bd70], sa_mask[0]=11111111011111111101111111111110, sa_flags=SA_RESTART|SA_SIGINFO
SIGINT: [libjvm.so+0x90bd70], sa_mask[0]=11111111011111111101111111111110, sa_flags=SA_RESTART|SA_SIGINFO
SIGTERM: [libjvm.so+0x90bd70], sa_mask[0]=11111111011111111101111111111110, sa_flags=SA_RESTART|SA_SIGINFO
SIGQUIT: [libjvm.so+0x90bd70], sa_mask[0]=11111111011111111101111111111110, sa_flags=SA_RESTART|SA_SIGINFO


---------------  S Y S T E M  ---------------

OS:DISTRIB_ID=Ubuntu
DISTRIB_RELEASE=18.04
DISTRIB_CODENAME=bionic
DISTRIB_DESCRIPTION="Ubuntu 18.04.2 LTS"

uname:Linux 4.18.0-20-generic #21~18.04.1-Ubuntu SMP Wed May 8 08:43:37 UTC 2019 x86_64
libc:glibc 2.27 NPTL 2.27 
rlimit: STACK 8192k, CORE 0k, NPROC 31048, NOFILE 4096, AS infinity
load average:2.96 1.81 1.75

/proc/meminfo:
MemTotal:        8082536 kB
MemFree:          129660 kB
MemAvailable:      70032 kB
Buffers:            1748 kB
Cached:           883920 kB
SwapCached:        12020 kB
Active:          6645832 kB
Inactive:         958840 kB
Active(anon):    6604164 kB
Inactive(anon):   907448 kB
Active(file):      41668 kB
Inactive(file):    51392 kB
Unevictable:         360 kB
Mlocked:             360 kB
SwapTotal:       2097148 kB
SwapFree:              0 kB
Dirty:                92 kB
Writeback:             0 kB
AnonPages:       6708948 kB
Mapped:           534848 kB
Shmem:            791604 kB
Slab:             157948 kB
SReclaimable:      67412 kB
SUnreclaim:        90536 kB
KernelStack:       21584 kB
PageTables:        90592 kB
NFS_Unstable:          0 kB
Bounce:                0 kB
WritebackTmp:          0 kB
CommitLimit:     6138416 kB
Committed_AS:   16659356 kB
VmallocTotal:   34359738367 kB
VmallocUsed:           0 kB
VmallocChunk:          0 kB
HardwareCorrupted:     0 kB
AnonHugePages:         0 kB
ShmemHugePages:        0 kB
ShmemPmdMapped:        0 kB
CmaTotal:              0 kB
CmaFree:               0 kB
HugePages_Total:       0
HugePages_Free:        0
HugePages_Rsvd:        0
HugePages_Surp:        0
Hugepagesize:       2048 kB
Hugetlb:               0 kB
DirectMap4k:      354832 kB
DirectMap2M:     7950336 kB
DirectMap1G:           0 kB

container (cgroup) information:
container_type: cgroupv1
cpu_cpuset_cpus: 0-3
cpu_memory_nodes: 0
active_processor_count: 4
cpu_quota: -1
cpu_period: 100000
cpu_shares: -1
memory_limit_in_bytes: -1
memory_and_swap_limit_in_bytes: -2
memory_soft_limit_in_bytes: -1
memory_usage_in_bytes: 7782506496
memory_max_usage_in_bytes: 15708160


CPU:total 4 (initial active 4) (2 cores per cpu, 2 threads per core) family 6 model 158 stepping 9, cmov, cx8, fxsr, mmx, sse, sse2, sse3, ssse3, sse4.1, sse4.2, popcnt, avx, avx2, aes, clmul, erms, 3dnowpref, lzcnt, ht, tsc, tscinvbit, bmi1, bmi2, adx

/proc/cpuinfo:
processor	: 0
vendor_id	: GenuineIntel
cpu family	: 6
model		: 158
model name	: Intel(R) Core(TM) i3-7100 CPU @ 3.90GHz
stepping	: 9
microcode	: 0xb4
cpu MHz		: 3900.000
cache size	: 3072 KB
physical id	: 0
siblings	: 4
core id		: 0
cpu cores	: 2
apicid		: 0
initial apicid	: 0
fpu		: yes
fpu_exception	: yes
cpuid level	: 22
wp		: yes
flags		: fpu vme de pse tsc msr pae mce cx8 apic sep mtrr pge mca cmov pat pse36 clflush dts acpi mmx fxsr sse sse2 ss ht tm pbe syscall nx pdpe1gb rdtscp lm constant_tsc art arch_perfmon pebs bts rep_good nopl xtopology nonstop_tsc cpuid aperfmperf tsc_known_freq pni pclmulqdq dtes64 monitor ds_cpl vmx est tm2 ssse3 sdbg fma cx16 xtpr pdcm pcid sse4_1 sse4_2 x2apic movbe popcnt tsc_deadline_timer aes xsave avx f16c rdrand lahf_lm abm 3dnowprefetch cpuid_fault epb invpcid_single pti ssbd ibrs ibpb stibp tpr_shadow vnmi flexpriority ept vpid fsgsbase tsc_adjust bmi1 avx2 smep bmi2 erms invpcid mpx rdseed adx smap clflushopt intel_pt xsaveopt xsavec xgetbv1 xsaves dtherm arat pln pts hwp hwp_notify hwp_act_window hwp_epp md_clear flush_l1d
bugs		: cpu_meltdown spectre_v1 spectre_v2 spec_store_bypass l1tf mds
bogomips	: 7824.00
clflush size	: 64
cache_alignment	: 64
address sizes	: 39 bits physical, 48 bits virtual
power management:

processor	: 1
vendor_id	: GenuineIntel
cpu family	: 6
model		: 158
model name	: Intel(R) Core(TM) i3-7100 CPU @ 3.90GHz
stepping	: 9
microcode	: 0xb4
cpu MHz		: 3900.000
cache size	: 3072 KB
physical id	: 0
siblings	: 4
core id		: 1
cpu cores	: 2
apicid		: 2
initial apicid	: 2
fpu		: yes
fpu_exception	: yes
cpuid level	: 22
wp		: yes
flags		: fpu vme de pse tsc msr pae mce cx8 apic sep mtrr pge mca cmov pat pse36 clflush dts acpi mmx fxsr sse sse2 ss ht tm pbe syscall nx pdpe1gb rdtscp lm constant_tsc art arch_perfmon pebs bts rep_good nopl xtopology nonstop_tsc cpuid aperfmperf tsc_known_freq pni pclmulqdq dtes64 monitor ds_cpl vmx est tm2 ssse3 sdbg fma cx16 xtpr pdcm pcid sse4_1 sse4_2 x2apic movbe popcnt tsc_deadline_timer aes xsave avx f16c rdrand lahf_lm abm 3dnowprefetch cpuid_fault epb invpcid_single pti ssbd ibrs ibpb stibp tpr_shadow vnmi flexpriority ept vpid fsgsbase tsc_adjust bmi1 avx2 smep bmi2 erms invpcid mpx rdseed adx smap clflushopt intel_pt xsaveopt xsavec xgetbv1 xsaves dtherm arat pln pts hwp hwp_notify hwp_act_window hwp_epp md_clear flush_l1d
bugs		: cpu_meltdown spectre_v1 spectre_v2 spec_store_bypass l1tf mds
bogomips	: 7824.00
clflush size	: 64
cache_alignment	: 64
address sizes	: 39 bits physical, 48 bits virtual
power management:

processor	: 2
vendor_id	: GenuineIntel
cpu family	: 6
model		: 158
model name	: Intel(R) Core(TM) i3-7100 CPU @ 3.90GHz
stepping	: 9
microcode	: 0xb4
cpu MHz		: 3899.999
cache size	: 3072 KB
physical id	: 0
siblings	: 4
core id		: 0
cpu cores	: 2
apicid		: 1
initial apicid	: 1
fpu		: yes
fpu_exception	: yes
cpuid level	: 22
wp		: yes
flags		: fpu vme de pse tsc msr pae mce cx8 apic sep mtrr pge mca cmov pat pse36 clflush dts acpi mmx fxsr sse sse2 ss ht tm pbe syscall nx pdpe1gb rdtscp lm constant_tsc art arch_perfmon pebs bts rep_good nopl xtopology nonstop_tsc cpuid aperfmperf tsc_known_freq pni pclmulqdq dtes64 monitor ds_cpl vmx est tm2 ssse3 sdbg fma cx16 xtpr pdcm pcid sse4_1 sse4_2 x2apic movbe popcnt tsc_deadline_timer aes xsave avx f16c rdrand lahf_lm abm 3dnowprefetch cpuid_fault epb invpcid_single pti ssbd ibrs ibpb stibp tpr_shadow vnmi flexpriority ept vpid fsgsbase tsc_adjust bmi1 avx2 smep bmi2 erms invpcid mpx rdseed adx smap clflushopt intel_pt xsaveopt xsavec xgetbv1 xsaves dtherm arat pln pts hwp hwp_notify hwp_act_window hwp_epp md_clear flush_l1d
bugs		: cpu_meltdown spectre_v1 spectre_v2 spec_store_bypass l1tf mds
bogomips	: 7824.00
clflush size	: 64
cache_alignment	: 64
address sizes	: 39 bits physical, 48 bits virtual
power management:

processor	: 3
vendor_id	: GenuineIntel
cpu family	: 6
model		: 158
model name	: Intel(R) Core(TM) i3-7100 CPU @ 3.90GHz
stepping	: 9
microcode	: 0xb4
cpu MHz		: 3900.000
cache size	: 3072 KB
physical id	: 0
siblings	: 4
core id		: 1
cpu cores	: 2
apicid		: 3
initial apicid	: 3
fpu		: yes
fpu_exception	: yes
cpuid level	: 22
wp		: yes
flags		: fpu vme de pse tsc msr pae mce cx8 apic sep mtrr pge mca cmov pat pse36 clflush dts acpi mmx fxsr sse sse2 ss ht tm pbe syscall nx pdpe1gb rdtscp lm constant_tsc art arch_perfmon pebs bts rep_good nopl xtopology nonstop_tsc cpuid aperfmperf tsc_known_freq pni pclmulqdq dtes64 monitor ds_cpl vmx est tm2 ssse3 sdbg fma cx16 xtpr pdcm pcid sse4_1 sse4_2 x2apic movbe popcnt tsc_deadline_timer aes xsave avx f16c rdrand lahf_lm abm 3dnowprefetch cpuid_fault epb invpcid_single pti ssbd ibrs ibpb stibp tpr_shadow vnmi flexpriority ept vpid fsgsbase tsc_adjust bmi1 avx2 smep bmi2 erms invpcid mpx rdseed adx smap clflushopt intel_pt xsaveopt xsavec xgetbv1 xsaves dtherm arat pln pts hwp hwp_notify hwp_act_window hwp_epp md_clear flush_l1d
bugs		: cpu_meltdown spectre_v1 spectre_v2 spec_store_bypass l1tf mds
bogomips	: 7824.00
clflush size	: 64
cache_alignment	: 64
address sizes	: 39 bits physical, 48 bits virtual
power management:



Memory: 4k page, physical 8082536k(129660k free), swap 2097148k(0k free)

vm_info: Java HotSpot(TM) 64-Bit Server VM (25.201-b09) for linux-amd64 JRE (1.8.0_201-b09), built on Dec 15 2018 11:35:59 by "java_re" with gcc 7.3.0

time: Mon May 20 18:30:56 2019
timezone: HKT
elapsed time: 16 seconds (0d 0h 0m 16s)

